#
# There is insufficient memory for the Java Runtime Environment to continue.
# Native memory allocation (malloc) failed to allocate 571216 bytes for Chunk::new
# Possible reasons:
#   The system is out of physical RAM or swap space
#   The process is running with CompressedOops enabled, and the Java Heap may be blocking the growth of the native heap
# Possible solutions:
#   Reduce memory load on the system
#   Increase physical memory or swap space
#   Check if swap backing store is full
#   Decrease Java heap size (-Xmx/-Xms)
#   Decrease number of Java threads
#   Decrease Java thread stack sizes (-Xss)
#   Set larger code cache with -XX:ReservedCodeCacheSize=
#   JVM is running with Unscaled Compressed Oops mode in which the Java heap is
#     placed in the first 4GB address space. The Java Heap base address is the
#     maximum limit for the native heap growth. Please use -XX:HeapBaseMinAddress
#     to set the Java Heap base and to place the Java Heap above 4GB virtual address.
# This output file may be truncated or incomplete.
#
#  Out of Memory Error (./src/hotspot/share/memory/arena.cpp:197), pid=4584, tid=14816
#
# JRE version: OpenJDK Runtime Environment (11.0.10) (build 11.0.10+0-b96-7249189)
# Java VM: OpenJDK 64-Bit Server VM (11.0.10+0-b96-7249189, mixed mode, tiered, compressed oops, g1 gc, windows-amd64)
# No core dump will be written. Minidumps are not enabled by default on client versions of Windows
#

---------------  S U M M A R Y ------------

Command Line: --add-opens=java.base/java.util=ALL-UNNAMED --add-opens=java.base/java.lang=ALL-UNNAMED --add-opens=java.base/java.lang.invoke=ALL-UNNAMED --add-opens=java.base/java.util=ALL-UNNAMED --add-opens=java.prefs/java.util.prefs=ALL-UNNAMED --add-opens=java.prefs/java.util.prefs=ALL-UNNAMED --add-opens=java.base/java.nio.charset=ALL-UNNAMED --add-opens=java.base/java.net=ALL-UNNAMED --add-opens=java.base/java.util.concurrent.atomic=ALL-UNNAMED -Xmx2048m -Dfile.encoding=UTF-8 -Duser.country=US -Duser.language=en -Duser.variant org.gradle.launcher.daemon.bootstrap.GradleDaemon 7.0.2

Host: Intel(R) Core(TM) i7-9750H CPU @ 2.60GHz, 12 cores, 15G,  Windows 10 , 64 bit Build 22504 (10.0.22504.1000)
Time: Tue Dec  7 19:45:05 2021 SE Asia Standard Time elapsed time: 744.244017 seconds (0d 0h 12m 24s)

---------------  T H R E A D  ---------------

Current thread (0x0000018b5fc03000):  JavaThread "C2 CompilerThread2" daemon [_thread_in_native, id=14816, stack(0x00000068cf400000,0x00000068cf500000)]


Current CompileTask:
C2: 744244 13971       4       org.gradle.internal.snapshot.AbstractListChildMap::store (72 bytes)

Stack: [0x00000068cf400000,0x00000068cf500000]
Native frames: (J=compiled Java code, j=interpreted, Vv=VM code, C=native code)
V  [jvm.dll+0x5ecfaa]
V  [jvm.dll+0x722bd5]
V  [jvm.dll+0x72412d]
V  [jvm.dll+0x7247e3]
V  [jvm.dll+0x242928]
V  [jvm.dll+0xbc4fc]
V  [jvm.dll+0xbca0c]
V  [jvm.dll+0x352d7d]
V  [jvm.dll+0x19800c]
V  [jvm.dll+0x1fb70e]
V  [jvm.dll+0x1fa7f4]
V  [jvm.dll+0x18354c]
V  [jvm.dll+0x208ee7]
V  [jvm.dll+0x207731]
V  [jvm.dll+0x6eb1cf]
V  [jvm.dll+0x6e3d45]
V  [jvm.dll+0x5ebe96]
C  [ucrtbase.dll+0x293cc]
C  [KERNEL32.DLL+0x16ab0]
C  [ntdll.dll+0x51edb]


---------------  P R O C E S S  ---------------

Threads class SMR info:
_java_thread_list=0x0000018b5b7ded10, length=94, elements={
0x0000018b3a9bb800, 0x0000018b5527f800, 0x0000018b5528a800, 0x0000018b55b66800,
0x0000018b55b68000, 0x0000018b55b6a800, 0x0000018b55b6b800, 0x0000018b55b6d800,
0x0000018b55b75000, 0x0000018b55ccd800, 0x0000018b570e2800, 0x0000018b5603e800,
0x0000018b57de0000, 0x0000018b57f33000, 0x0000018b57f33800, 0x0000018b57f32000,
0x0000018b59d23800, 0x0000018b59d28800, 0x0000018b59d27000, 0x0000018b59d2d800,
0x0000018b59d2c800, 0x0000018b59d27800, 0x0000018b59d30800, 0x0000018b5a04f000,
0x0000018b5a04a000, 0x0000018b5a04c800, 0x0000018b5a050000, 0x0000018b5a04c000,
0x0000018b5a050800, 0x0000018b5a051800, 0x0000018b5a04d800, 0x0000018b5b4d2000,
0x0000018b5b4d8800, 0x0000018b5b4d6000, 0x0000018b5b4d3000, 0x0000018b5b4d9800,
0x0000018b5b4d4000, 0x0000018b5b4da800, 0x0000018b5b4db000, 0x0000018b5b4dc000,
0x0000018b5b4dd000, 0x0000018b5b4e0000, 0x0000018b5b4de800, 0x0000018b5b4e1000,
0x0000018b5b4df000, 0x0000018b5a043000, 0x0000018b5a044800, 0x0000018b5a047800,
0x0000018b5a049800, 0x0000018b5a045800, 0x0000018b5a046000, 0x0000018b5a047000,
0x0000018b5a048800, 0x0000018b5a043800, 0x0000018b5a04e000, 0x0000018b5a04b000,
0x0000018b59d24800, 0x0000018b59d23000, 0x0000018b59d2a000, 0x0000018b59d29800,
0x0000018b59d25800, 0x0000018b59d30000, 0x0000018b59d31800, 0x0000018b57f34800,
0x0000018b5fbfc000, 0x0000018b5fbf8000, 0x0000018b5fbfc800, 0x0000018b5fbfd800,
0x0000018b5fbf9800, 0x0000018b5fbfe800, 0x0000018b5fbf8800, 0x0000018b5fbff000,
0x0000018b5fbfa000, 0x0000018b5fc01000, 0x0000018b5fbfb000, 0x0000018b5fc01800,
0x0000018b5fc02800, 0x0000018b5fc05800, 0x0000018b5fc06800, 0x0000018b5fc04000,
0x0000018b5fc05000, 0x0000018b5b4dd800, 0x0000018b5b4d8000, 0x0000018b5fc03000,
0x0000018b5b707000, 0x0000018b5b704800, 0x0000018b5b704000, 0x0000018b5b705800,
0x0000018b5b706800, 0x0000018b5b701800, 0x0000018b5b703000, 0x0000018b5b708000,
0x0000018b5b702000, 0x0000018b5b709000
}

Java Threads: ( => current thread )
  0x0000018b3a9bb800 JavaThread "main" [_thread_blocked, id=21000, stack(0x00000068c9200000,0x00000068c9300000)]
  0x0000018b5527f800 JavaThread "Reference Handler" daemon [_thread_blocked, id=2804, stack(0x00000068c9900000,0x00000068c9a00000)]
  0x0000018b5528a800 JavaThread "Finalizer" daemon [_thread_blocked, id=6252, stack(0x00000068c9a00000,0x00000068c9b00000)]
  0x0000018b55b66800 JavaThread "Signal Dispatcher" daemon [_thread_blocked, id=13140, stack(0x00000068c9b00000,0x00000068c9c00000)]
  0x0000018b55b68000 JavaThread "Attach Listener" daemon [_thread_blocked, id=20092, stack(0x00000068c9c00000,0x00000068c9d00000)]
  0x0000018b55b6a800 JavaThread "Service Thread" daemon [_thread_blocked, id=14796, stack(0x00000068c9d00000,0x00000068c9e00000)]
  0x0000018b55b6b800 JavaThread "C2 CompilerThread0" daemon [_thread_blocked, id=16212, stack(0x00000068c9e00000,0x00000068c9f00000)]
  0x0000018b55b6d800 JavaThread "C1 CompilerThread0" daemon [_thread_blocked, id=1824, stack(0x00000068c9f00000,0x00000068ca000000)]
  0x0000018b55b75000 JavaThread "Sweeper thread" daemon [_thread_blocked, id=8372, stack(0x00000068ca000000,0x00000068ca100000)]
  0x0000018b55ccd800 JavaThread "Common-Cleaner" daemon [_thread_blocked, id=22124, stack(0x00000068ca100000,0x00000068ca200000)]
  0x0000018b570e2800 JavaThread "Daemon health stats" [_thread_blocked, id=18992, stack(0x00000068caa00000,0x00000068cab00000)]
  0x0000018b5603e800 JavaThread "Incoming local TCP Connector on port 57413" [_thread_in_native, id=14780, stack(0x00000068ca300000,0x00000068ca400000)]
  0x0000018b57de0000 JavaThread "Daemon periodic checks" [_thread_blocked, id=8, stack(0x00000068ca900000,0x00000068caa00000)]
  0x0000018b57f33000 JavaThread "Cache worker for file hash cache (C:\Users\Bad boy\.gradle\caches\7.0.2\fileHashes)" [_thread_blocked, id=8164, stack(0x00000068cb200000,0x00000068cb300000)]
  0x0000018b57f33800 JavaThread "File lock request listener" [_thread_in_native, id=1988, stack(0x00000068cb300000,0x00000068cb400000)]
  0x0000018b57f32000 JavaThread "Cache worker for journal cache (C:\Users\Bad boy\.gradle\caches\journal-1)" [_thread_blocked, id=3556, stack(0x00000068cba00000,0x00000068cbb00000)]
  0x0000018b59d23800 JavaThread "File watcher server" daemon [_thread_in_native, id=11776, stack(0x00000068cbd00000,0x00000068cbe00000)]
  0x0000018b59d28800 JavaThread "File watcher consumer" daemon [_thread_blocked, id=9208, stack(0x00000068cbe00000,0x00000068cbf00000)]
  0x0000018b59d27000 JavaThread "Cache worker for execution history cache (C:\Users\Bad boy\.gradle\caches\7.0.2\executionHistory)" [_thread_blocked, id=14776, stack(0x00000068cc300000,0x00000068cc400000)]
  0x0000018b59d2d800 JavaThread "jar transforms" [_thread_blocked, id=12652, stack(0x00000068cc400000,0x00000068cc500000)]
  0x0000018b59d2c800 JavaThread "jar transforms Thread 2" [_thread_blocked, id=22384, stack(0x00000068cc500000,0x00000068cc600000)]
  0x0000018b59d27800 JavaThread "Cache worker for file content cache (C:\Users\Bad boy\.gradle\caches\7.0.2\fileContent)" [_thread_blocked, id=6540, stack(0x00000068cc600000,0x00000068cc700000)]
  0x0000018b59d30800 JavaThread "jar transforms Thread 3" [_thread_blocked, id=14296, stack(0x00000068cc800000,0x00000068cc900000)]
  0x0000018b5a04f000 JavaThread "jar transforms Thread 4" [_thread_blocked, id=14760, stack(0x00000068cd600000,0x00000068cd700000)]
  0x0000018b5a04a000 JavaThread "jar transforms Thread 5" [_thread_blocked, id=17640, stack(0x00000068cd700000,0x00000068cd800000)]
  0x0000018b5a04c800 JavaThread "jar transforms Thread 6" [_thread_blocked, id=15524, stack(0x00000068cd800000,0x00000068cd900000)]
  0x0000018b5a050000 JavaThread "jar transforms Thread 7" [_thread_blocked, id=14600, stack(0x00000068cd900000,0x00000068cda00000)]
  0x0000018b5a04c000 JavaThread "jar transforms Thread 8" [_thread_blocked, id=21096, stack(0x00000068cda00000,0x00000068cdb00000)]
  0x0000018b5a050800 JavaThread "jar transforms Thread 9" [_thread_blocked, id=14004, stack(0x00000068cdb00000,0x00000068cdc00000)]
  0x0000018b5a051800 JavaThread "jar transforms Thread 10" [_thread_blocked, id=16860, stack(0x00000068cdc00000,0x00000068cdd00000)]
  0x0000018b5a04d800 JavaThread "jar transforms Thread 11" [_thread_blocked, id=3560, stack(0x00000068cdd00000,0x00000068cde00000)]
  0x0000018b5b4d2000 JavaThread "jar transforms Thread 12" [_thread_blocked, id=19868, stack(0x00000068cde00000,0x00000068cdf00000)]
  0x0000018b5b4d8800 JavaThread "Memory manager" [_thread_blocked, id=16844, stack(0x00000068cdf00000,0x00000068ce000000)]
  0x0000018b5b4d6000 JavaThread "Daemon Thread 2" [_thread_blocked, id=4412, stack(0x00000068c8f00000,0x00000068c9000000)]
  0x0000018b5b4d3000 JavaThread "Handler for socket connection from /127.0.0.1:57413 to /127.0.0.1:60207" [_thread_in_native, id=3516, stack(0x00000068c9000000,0x00000068c9100000)]
  0x0000018b5b4d9800 JavaThread "Cancel handler" [_thread_blocked, id=5360, stack(0x00000068c9100000,0x00000068c9200000)]
  0x0000018b5b4d4000 JavaThread "Daemon worker Thread 2" [_thread_blocked, id=21968, stack(0x00000068cab00000,0x00000068cac00000)]
  0x0000018b5b4da800 JavaThread "Asynchronous log dispatcher for DefaultDaemonConnection: socket connection from /127.0.0.1:57413 to /127.0.0.1:60207" [_thread_blocked, id=12420, stack(0x00000068cac00000,0x00000068cad00000)]
  0x0000018b5b4db000 JavaThread "Stdin handler" [_thread_blocked, id=18828, stack(0x00000068cad00000,0x00000068cae00000)]
  0x0000018b5b4dc000 JavaThread "Daemon client event forwarder" [_thread_blocked, id=7500, stack(0x00000068cae00000,0x00000068caf00000)]
  0x0000018b5b4dd000 JavaThread "Cache worker for file hash cache (D:\dang hoc\DOANCUOIKY-PTUD\.gradle\7.0.2\fileHashes)" [_thread_blocked, id=1244, stack(0x00000068caf00000,0x00000068cb000000)]
  0x0000018b5b4e0000 JavaThread "Cache worker for checksums cache (D:\dang hoc\DOANCUOIKY-PTUD\.gradle\checksums)" [_thread_blocked, id=22392, stack(0x00000068cbb00000,0x00000068cbc00000)]
  0x0000018b5b4de800 JavaThread "Cache worker for cache directory md-supplier (C:\Users\Bad boy\.gradle\caches\7.0.2\md-supplier)" [_thread_blocked, id=16792, stack(0x00000068cbc00000,0x00000068cbd00000)]
  0x0000018b5b4e1000 JavaThread "Cache worker for cache directory md-rule (C:\Users\Bad boy\.gradle\caches\7.0.2\md-rule)" [_thread_blocked, id=11152, stack(0x00000068cbf00000,0x00000068cc000000)]
  0x0000018b5b4df000 JavaThread "Cache worker for dependencies-accessors (D:\dang hoc\DOANCUOIKY-PTUD\.gradle\7.0.2\dependencies-accessors)" [_thread_blocked, id=7148, stack(0x00000068cc000000,0x00000068cc100000)]
  0x0000018b5a043000 JavaThread "Cache worker for Build Output Cleanup Cache (D:\dang hoc\DOANCUOIKY-PTUD\.gradle\buildOutputCleanup)" [_thread_blocked, id=5460, stack(0x00000068cc100000,0x00000068cc200000)]
  0x0000018b5a044800 JavaThread "Build operations" [_thread_blocked, id=21760, stack(0x00000068cc200000,0x00000068cc300000)]
  0x0000018b5a047800 JavaThread "Build operations Thread 2" [_thread_blocked, id=20004, stack(0x00000068cc700000,0x00000068cc800000)]
  0x0000018b5a049800 JavaThread "Build operations Thread 3" [_thread_blocked, id=14872, stack(0x00000068cc900000,0x00000068cca00000)]
  0x0000018b5a045800 JavaThread "Build operations Thread 4" [_thread_blocked, id=12196, stack(0x00000068cca00000,0x00000068ccb00000)]
  0x0000018b5a046000 JavaThread "Build operations Thread 5" [_thread_blocked, id=14528, stack(0x00000068ccb00000,0x00000068ccc00000)]
  0x0000018b5a047000 JavaThread "Build operations Thread 6" [_thread_blocked, id=9296, stack(0x00000068ccc00000,0x00000068ccd00000)]
  0x0000018b5a048800 JavaThread "Build operations Thread 7" [_thread_blocked, id=10808, stack(0x00000068ccd00000,0x00000068cce00000)]
  0x0000018b5a043800 JavaThread "Build operations Thread 8" [_thread_blocked, id=11732, stack(0x00000068cce00000,0x00000068ccf00000)]
  0x0000018b5a04e000 JavaThread "Build operations Thread 9" [_thread_blocked, id=19184, stack(0x00000068ccf00000,0x00000068cd000000)]
  0x0000018b5a04b000 JavaThread "Build operations Thread 10" [_thread_blocked, id=5148, stack(0x00000068cd000000,0x00000068cd100000)]
  0x0000018b59d24800 JavaThread "Build operations Thread 11" [_thread_blocked, id=1080, stack(0x00000068cd100000,0x00000068cd200000)]
  0x0000018b59d23000 JavaThread "Build operations Thread 12" [_thread_blocked, id=5852, stack(0x00000068cd200000,0x00000068cd300000)]
  0x0000018b59d2a000 JavaThread "build event listener" [_thread_blocked, id=14176, stack(0x00000068cd300000,0x00000068cd400000)]
  0x0000018b59d29800 JavaThread "Execution worker for ':'" [_thread_blocked, id=18980, stack(0x00000068cd400000,0x00000068cd500000)]
  0x0000018b59d25800 JavaThread "Execution worker for ':' Thread 2" [_thread_blocked, id=18400, stack(0x00000068cd500000,0x00000068cd600000)]
  0x0000018b59d30000 JavaThread "Execution worker for ':' Thread 3" [_thread_blocked, id=1612, stack(0x00000068ce000000,0x00000068ce100000)]
  0x0000018b59d31800 JavaThread "Execution worker for ':' Thread 4" [_thread_blocked, id=13908, stack(0x00000068ce200000,0x00000068ce300000)]
  0x0000018b57f34800 JavaThread "Execution worker for ':' Thread 5" [_thread_blocked, id=2004, stack(0x00000068ce300000,0x00000068ce400000)]
  0x0000018b5fbfc000 JavaThread "Execution worker for ':' Thread 6" [_thread_blocked, id=22244, stack(0x00000068ce400000,0x00000068ce500000)]
  0x0000018b5fbf8000 JavaThread "Execution worker for ':' Thread 7" [_thread_blocked, id=15072, stack(0x00000068ce500000,0x00000068ce600000)]
  0x0000018b5fbfc800 JavaThread "Execution worker for ':' Thread 8" [_thread_blocked, id=21792, stack(0x00000068ce600000,0x00000068ce700000)]
  0x0000018b5fbfd800 JavaThread "Execution worker for ':' Thread 9" [_thread_blocked, id=11548, stack(0x00000068ce700000,0x00000068ce800000)]
  0x0000018b5fbf9800 JavaThread "Execution worker for ':' Thread 10" [_thread_blocked, id=20240, stack(0x00000068ce800000,0x00000068ce900000)]
  0x0000018b5fbfe800 JavaThread "Execution worker for ':' Thread 11" [_thread_blocked, id=14464, stack(0x00000068ce900000,0x00000068cea00000)]
  0x0000018b5fbf8800 JavaThread "Cache worker for execution history cache (D:\dang hoc\DOANCUOIKY-PTUD\.gradle\7.0.2\executionHistory)" [_thread_blocked, id=3416, stack(0x00000068cea00000,0x00000068ceb00000)]
  0x0000018b5fbff000 JavaThread "WorkerExecutor Queue" [_thread_in_vm, id=9212, stack(0x00000068ceb00000,0x00000068cec00000)]
  0x0000018b5fbfa000 JavaThread "WorkerExecutor Queue Thread 2" [_thread_blocked, id=18288, stack(0x00000068cec00000,0x00000068ced00000)]
  0x0000018b5fc01000 JavaThread "pool-4-thread-1" [_thread_blocked, id=1912, stack(0x00000068ced00000,0x00000068cee00000)]
  0x0000018b5fbfb000 JavaThread "stderr" [_thread_in_native, id=16256, stack(0x00000068cee00000,0x00000068cef00000)]
  0x0000018b5fc01800 JavaThread "stdout" [_thread_in_native, id=21684, stack(0x00000068cef00000,0x00000068cf000000)]
  0x0000018b5fc02800 JavaThread "RMI Scheduler(0)" daemon [_thread_blocked, id=17852, stack(0x00000068cb000000,0x00000068cb100000)]
  0x0000018b5fc05800 JavaThread "RMI RenewClean-[127.0.0.1:17075,org.jetbrains.kotlin.daemon.common.LoopbackNetworkInterface$ClientLoopbackSocketFactory@7f6efd2a]" daemon [_thread_blocked, id=12120, stack(0x00000068cb100000,0x00000068cb200000)]
  0x0000018b5fc06800 JavaThread "RMI GC Daemon" daemon [_thread_blocked, id=9540, stack(0x00000068cf100000,0x00000068cf200000)]
  0x0000018b5fc04000 JavaThread "RMI TCP Accept-0" daemon [_thread_in_native, id=20396, stack(0x00000068cf200000,0x00000068cf300000)]
  0x0000018b5fc05000 JavaThread "RMI Reaper" [_thread_blocked, id=2468, stack(0x00000068cf300000,0x00000068cf400000)]
  0x0000018b5b4dd800 JavaThread "RMI TCP Connection(1)-127.0.0.1" daemon [_thread_in_native, id=22324, stack(0x00000068cf500000,0x00000068cf600000)]
  0x0000018b5b4d8000 JavaThread "C2 CompilerThread1" daemon [_thread_blocked, id=16036, stack(0x00000068cf000000,0x00000068cf100000)]
=>0x0000018b5fc03000 JavaThread "C2 CompilerThread2" daemon [_thread_in_native, id=14816, stack(0x00000068cf400000,0x00000068cf500000)]
  0x0000018b5b707000 JavaThread "WorkerExecutor Queue Thread 3" [_thread_blocked, id=14052, stack(0x00000068cf600000,0x00000068cf700000)]
  0x0000018b5b704800 JavaThread "WorkerExecutor Queue Thread 4" [_thread_blocked, id=10324, stack(0x00000068cf700000,0x00000068cf800000)]
  0x0000018b5b704000 JavaThread "WorkerExecutor Queue Thread 5" [_thread_blocked, id=22416, stack(0x00000068cf800000,0x00000068cf900000)]
  0x0000018b5b705800 JavaThread "WorkerExecutor Queue Thread 6" [_thread_blocked, id=9680, stack(0x00000068cf900000,0x00000068cfa00000)]
  0x0000018b5b706800 JavaThread "WorkerExecutor Queue Thread 7" [_thread_blocked, id=15668, stack(0x00000068cfa00000,0x00000068cfb00000)]
  0x0000018b5b701800 JavaThread "WorkerExecutor Queue Thread 8" [_thread_blocked, id=616, stack(0x00000068cfb00000,0x00000068cfc00000)]
  0x0000018b5b703000 JavaThread "WorkerExecutor Queue Thread 9" [_thread_blocked, id=15280, stack(0x00000068cfc00000,0x00000068cfd00000)]
  0x0000018b5b708000 JavaThread "WorkerExecutor Queue Thread 10" [_thread_blocked, id=16268, stack(0x00000068cfd00000,0x00000068cfe00000)]
  0x0000018b5b702000 JavaThread "WorkerExecutor Queue Thread 11" [_thread_blocked, id=17020, stack(0x00000068cfe00000,0x00000068cff00000)]
  0x0000018b5b709000 JavaThread "WorkerExecutor Queue Thread 12" [_thread_blocked, id=11056, stack(0x00000068cff00000,0x00000068d0000000)]

Other Threads:
  0x0000018b55b17000 VMThread "VM Thread" [stack: 0x00000068c9800000,0x00000068c9900000] [id=5140]
  0x0000018b55cd4800 WatcherThread [stack: 0x00000068ca200000,0x00000068ca300000] [id=8980]
  0x0000018b3a9d3000 GCTaskThread "GC Thread#0" [stack: 0x00000068c9300000,0x00000068c9400000] [id=14844]
  0x0000018b56937800 GCTaskThread "GC Thread#1" [stack: 0x00000068ca400000,0x00000068ca500000] [id=12096]
  0x0000018b565fb000 GCTaskThread "GC Thread#2" [stack: 0x00000068ca500000,0x00000068ca600000] [id=15512]
  0x0000018b5690a000 GCTaskThread "GC Thread#3" [stack: 0x00000068ca600000,0x00000068ca700000] [id=4496]
  0x0000018b56b3b800 GCTaskThread "GC Thread#4" [stack: 0x00000068ca700000,0x00000068ca800000] [id=22092]
  0x0000018b56849800 GCTaskThread "GC Thread#5" [stack: 0x00000068ca800000,0x00000068ca900000] [id=21024]
  0x0000018b57e94000 GCTaskThread "GC Thread#6" [stack: 0x00000068cb400000,0x00000068cb500000] [id=15276]
  0x0000018b57237800 GCTaskThread "GC Thread#7" [stack: 0x00000068cb500000,0x00000068cb600000] [id=21464]
  0x0000018b5736d000 GCTaskThread "GC Thread#8" [stack: 0x00000068cb600000,0x00000068cb700000] [id=9412]
  0x0000018b57353800 GCTaskThread "GC Thread#9" [stack: 0x00000068cb700000,0x00000068cb800000] [id=11816]
  0x0000018b3aa05800 ConcurrentGCThread "G1 Main Marker" [stack: 0x00000068c9400000,0x00000068c9500000] [id=18428]
  0x0000018b3aa06800 ConcurrentGCThread "G1 Conc#0" [stack: 0x00000068c9500000,0x00000068c9600000] [id=19208]
  0x0000018b5844d000 ConcurrentGCThread "G1 Conc#1" [stack: 0x00000068cb800000,0x00000068cb900000] [id=16468]
  0x0000018b56837000 ConcurrentGCThread "G1 Conc#2" [stack: 0x00000068cb900000,0x00000068cba00000] [id=21256]
  0x0000018b55155000 ConcurrentGCThread "G1 Refine#0" [stack: 0x00000068c9600000,0x00000068c9700000] [id=5052]
  0x0000018b5cf22000 ConcurrentGCThread "G1 Refine#1" [stack: 0x00000068ce100000,0x00000068ce200000] [id=20380]
  0x0000018b55156000 ConcurrentGCThread "G1 Young RemSet Sampling" [stack: 0x00000068c9700000,0x00000068c9800000] [id=14772]

Threads with active compile tasks:
C1 CompilerThread0 744272 14109       3       com.android.tools.r8.graph.c0::F (16 bytes)
C2 CompilerThread2 744272 13971       4       org.gradle.internal.snapshot.AbstractListChildMap::store (72 bytes)

VM state:not at safepoint (normal execution)

VM Mutex/Monitor currently owned by a thread:  ([mutex/lock_event])
[0x0000018b3a9b7650] CodeCache_lock - owner thread: 0x0000000000000000
[0x0000018b3a9b7920] CompileTaskAlloc_lock - owner thread: 0x0000000000000000

Heap address: 0x0000000080000000, size: 2048 MB, Compressed Oops mode: 32-bit
Narrow klass base: 0x0000000000000000, Narrow klass shift: 3
Compressed class space size: 1073741824 Address: 0x0000000100000000

Heap:
 garbage-first heap   total 262144K, used 160906K [0x0000000080000000, 0x0000000100000000)
  region size 1024K, 80 young (81920K), 16 survivors (16384K)
 Metaspace       used 101179K, capacity 103956K, committed 104064K, reserved 1138688K
  class space    used 12910K, capacity 13882K, committed 13952K, reserved 1048576K
Heap Regions: E=young(eden), S=young(survivor), O=old, HS=humongous(starts), HC=humongous(continues), CS=collection set, F=free, A=archive, TAMS=top-at-mark-start (previous, next)
|   0|0x0000000080000000, 0x0000000080100000, 0x0000000080100000|100%| O|  |TAMS 0x0000000080100000, 0x0000000080000000| Untracked 
|   1|0x0000000080100000, 0x0000000080200000, 0x0000000080200000|100%| O|  |TAMS 0x0000000080200000, 0x0000000080100000| Untracked 
|   2|0x0000000080200000, 0x0000000080300000, 0x0000000080300000|100%| O|  |TAMS 0x0000000080300000, 0x0000000080200000| Untracked 
|   3|0x0000000080300000, 0x0000000080400000, 0x0000000080400000|100%|HS|  |TAMS 0x0000000080400000, 0x0000000080300000| Complete 
|   4|0x0000000080400000, 0x0000000080500000, 0x0000000080500000|100%|HC|  |TAMS 0x0000000080500000, 0x0000000080400000| Complete 
|   5|0x0000000080500000, 0x0000000080600000, 0x0000000080600000|100%|HC|  |TAMS 0x0000000080600000, 0x0000000080500000| Complete 
|   6|0x0000000080600000, 0x0000000080700000, 0x0000000080700000|100%| O|  |TAMS 0x0000000080700000, 0x0000000080600000| Untracked 
|   7|0x0000000080700000, 0x0000000080800000, 0x0000000080800000|100%| O|  |TAMS 0x0000000080800000, 0x0000000080700000| Untracked 
|   8|0x0000000080800000, 0x0000000080900000, 0x0000000080900000|100%| O|  |TAMS 0x0000000080900000, 0x0000000080800000| Untracked 
|   9|0x0000000080900000, 0x0000000080a00000, 0x0000000080a00000|100%| O|  |TAMS 0x0000000080a00000, 0x0000000080900000| Untracked 
|  10|0x0000000080a00000, 0x0000000080b00000, 0x0000000080b00000|100%| O|  |TAMS 0x0000000080b00000, 0x0000000080a00000| Untracked 
|  11|0x0000000080b00000, 0x0000000080c00000, 0x0000000080c00000|100%| O|  |TAMS 0x0000000080c00000, 0x0000000080b00000| Untracked 
|  12|0x0000000080c00000, 0x0000000080d00000, 0x0000000080d00000|100%| O|  |TAMS 0x0000000080d00000, 0x0000000080c00000| Untracked 
|  13|0x0000000080d00000, 0x0000000080e00000, 0x0000000080e00000|100%| O|  |TAMS 0x0000000080e00000, 0x0000000080d00000| Untracked 
|  14|0x0000000080e00000, 0x0000000080f00000, 0x0000000080f00000|100%| O|  |TAMS 0x0000000080f00000, 0x0000000080e00000| Untracked 
|  15|0x0000000080f00000, 0x0000000081000000, 0x0000000081000000|100%| O|  |TAMS 0x0000000081000000, 0x0000000080f00000| Untracked 
|  16|0x0000000081000000, 0x0000000081100000, 0x0000000081100000|100%|HS|  |TAMS 0x0000000081100000, 0x0000000081000000| Complete 
|  17|0x0000000081100000, 0x0000000081200000, 0x0000000081200000|100%|HS|  |TAMS 0x0000000081200000, 0x0000000081100000| Complete 
|  18|0x0000000081200000, 0x0000000081300000, 0x0000000081300000|100%|HS|  |TAMS 0x0000000081300000, 0x0000000081200000| Complete 
|  19|0x0000000081300000, 0x0000000081400000, 0x0000000081400000|100%|HS|  |TAMS 0x0000000081400000, 0x0000000081300000| Complete 
|  20|0x0000000081400000, 0x0000000081500000, 0x0000000081500000|100%|HC|  |TAMS 0x0000000081500000, 0x0000000081400000| Complete 
|  21|0x0000000081500000, 0x0000000081600000, 0x0000000081600000|100%|HC|  |TAMS 0x0000000081600000, 0x0000000081500000| Complete 
|  22|0x0000000081600000, 0x0000000081700000, 0x0000000081700000|100%|HS|  |TAMS 0x0000000081700000, 0x0000000081600000| Complete 
|  23|0x0000000081700000, 0x0000000081800000, 0x0000000081800000|100%|HC|  |TAMS 0x0000000081800000, 0x0000000081700000| Complete 
|  24|0x0000000081800000, 0x0000000081900000, 0x0000000081900000|100%| O|  |TAMS 0x0000000081900000, 0x0000000081800000| Untracked 
|  25|0x0000000081900000, 0x0000000081a00000, 0x0000000081a00000|100%| O|  |TAMS 0x0000000081a00000, 0x0000000081900000| Untracked 
|  26|0x0000000081a00000, 0x0000000081b00000, 0x0000000081b00000|100%| O|  |TAMS 0x0000000081b00000, 0x0000000081a00000| Untracked 
|  27|0x0000000081b00000, 0x0000000081c00000, 0x0000000081c00000|100%| O|  |TAMS 0x0000000081c00000, 0x0000000081b00000| Untracked 
|  28|0x0000000081c00000, 0x0000000081d00000, 0x0000000081d00000|100%| O|  |TAMS 0x0000000081d00000, 0x0000000081c00000| Untracked 
|  29|0x0000000081d00000, 0x0000000081e00000, 0x0000000081e00000|100%| O|  |TAMS 0x0000000081e00000, 0x0000000081d00000| Untracked 
|  30|0x0000000081e00000, 0x0000000081f00000, 0x0000000081f00000|100%| O|  |TAMS 0x0000000081f00000, 0x0000000081e00000| Untracked 
|  31|0x0000000081f00000, 0x0000000082000000, 0x0000000082000000|100%| O|  |TAMS 0x0000000082000000, 0x0000000081f00000| Untracked 
|  32|0x0000000082000000, 0x0000000082100000, 0x0000000082100000|100%| O|  |TAMS 0x0000000082100000, 0x0000000082000000| Untracked 
|  33|0x0000000082100000, 0x0000000082200000, 0x0000000082200000|100%| O|  |TAMS 0x0000000082200000, 0x0000000082100000| Untracked 
|  34|0x0000000082200000, 0x0000000082300000, 0x0000000082300000|100%| O|  |TAMS 0x0000000082300000, 0x0000000082200000| Untracked 
|  35|0x0000000082300000, 0x0000000082400000, 0x0000000082400000|100%| O|  |TAMS 0x0000000082400000, 0x0000000082300000| Untracked 
|  36|0x0000000082400000, 0x0000000082500000, 0x0000000082500000|100%| O|  |TAMS 0x0000000082500000, 0x0000000082400000| Untracked 
|  37|0x0000000082500000, 0x0000000082600000, 0x0000000082600000|100%| O|  |TAMS 0x0000000082600000, 0x0000000082500000| Untracked 
|  38|0x0000000082600000, 0x0000000082700000, 0x0000000082700000|100%| O|  |TAMS 0x0000000082700000, 0x0000000082600000| Untracked 
|  39|0x0000000082700000, 0x0000000082800000, 0x0000000082800000|100%| O|  |TAMS 0x0000000082800000, 0x0000000082700000| Untracked 
|  40|0x0000000082800000, 0x0000000082900000, 0x0000000082900000|100%| O|  |TAMS 0x0000000082900000, 0x0000000082800000| Untracked 
|  41|0x0000000082900000, 0x0000000082a00000, 0x0000000082a00000|100%| O|  |TAMS 0x0000000082a00000, 0x0000000082900000| Untracked 
|  42|0x0000000082a00000, 0x0000000082b00000, 0x0000000082b00000|100%| O|  |TAMS 0x0000000082b00000, 0x0000000082a00000| Untracked 
|  43|0x0000000082b00000, 0x0000000082c00000, 0x0000000082c00000|100%| O|  |TAMS 0x0000000082c00000, 0x0000000082b00000| Untracked 
|  44|0x0000000082c00000, 0x0000000082d00000, 0x0000000082d00000|100%| O|  |TAMS 0x0000000082d00000, 0x0000000082c00000| Untracked 
|  45|0x0000000082d00000, 0x0000000082e00000, 0x0000000082e00000|100%| O|  |TAMS 0x0000000082e00000, 0x0000000082d00000| Untracked 
|  46|0x0000000082e00000, 0x0000000082f00000, 0x0000000082f00000|100%| O|  |TAMS 0x0000000082f00000, 0x0000000082e00000| Untracked 
|  47|0x0000000082f00000, 0x0000000083000000, 0x0000000083000000|100%| O|  |TAMS 0x0000000082f81a00, 0x0000000082f00000| Untracked 
|  48|0x0000000083000000, 0x0000000083100000, 0x0000000083100000|100%| O|  |TAMS 0x0000000083000000, 0x0000000083000000| Untracked 
|  49|0x0000000083100000, 0x0000000083200000, 0x0000000083200000|100%| O|  |TAMS 0x0000000083100000, 0x0000000083100000| Untracked 
|  50|0x0000000083200000, 0x0000000083300000, 0x0000000083300000|100%| O|  |TAMS 0x0000000083200000, 0x0000000083200000| Untracked 
|  51|0x0000000083300000, 0x0000000083400000, 0x0000000083400000|100%| O|  |TAMS 0x0000000083300000, 0x0000000083300000| Untracked 
|  52|0x0000000083400000, 0x0000000083500000, 0x0000000083500000|100%| O|  |TAMS 0x0000000083400000, 0x0000000083400000| Untracked 
|  53|0x0000000083500000, 0x0000000083600000, 0x0000000083600000|100%| O|  |TAMS 0x0000000083500000, 0x0000000083500000| Untracked 
|  54|0x0000000083600000, 0x0000000083700000, 0x0000000083700000|100%| O|  |TAMS 0x0000000083600000, 0x0000000083600000| Untracked 
|  55|0x0000000083700000, 0x0000000083800000, 0x0000000083800000|100%| O|  |TAMS 0x0000000083700000, 0x0000000083700000| Untracked 
|  56|0x0000000083800000, 0x0000000083900000, 0x0000000083900000|100%| O|  |TAMS 0x0000000083800000, 0x0000000083800000| Untracked 
|  57|0x0000000083900000, 0x0000000083a00000, 0x0000000083a00000|100%| O|  |TAMS 0x0000000083900000, 0x0000000083900000| Untracked 
|  58|0x0000000083a00000, 0x0000000083b00000, 0x0000000083b00000|100%| O|  |TAMS 0x0000000083a00000, 0x0000000083a00000| Untracked 
|  59|0x0000000083b00000, 0x0000000083c00000, 0x0000000083c00000|100%| O|  |TAMS 0x0000000083b00000, 0x0000000083b00000| Untracked 
|  60|0x0000000083c00000, 0x0000000083d00000, 0x0000000083d00000|100%| O|  |TAMS 0x0000000083c00000, 0x0000000083c00000| Untracked 
|  61|0x0000000083d00000, 0x0000000083e00000, 0x0000000083e00000|100%| O|  |TAMS 0x0000000083d00000, 0x0000000083d00000| Untracked 
|  62|0x0000000083e00000, 0x0000000083f00000, 0x0000000083f00000|100%| O|  |TAMS 0x0000000083e00000, 0x0000000083e00000| Untracked 
|  63|0x0000000083f00000, 0x0000000084000000, 0x0000000084000000|100%| O|  |TAMS 0x0000000083f00000, 0x0000000083f00000| Untracked 
|  64|0x0000000084000000, 0x0000000084100000, 0x0000000084100000|100%| O|  |TAMS 0x0000000084000000, 0x0000000084000000| Untracked 
|  65|0x0000000084100000, 0x0000000084200000, 0x0000000084200000|100%| O|  |TAMS 0x0000000084100000, 0x0000000084100000| Untracked 
|  66|0x0000000084200000, 0x0000000084300000, 0x0000000084300000|100%| O|  |TAMS 0x0000000084200000, 0x0000000084200000| Untracked 
|  67|0x0000000084300000, 0x0000000084400000, 0x0000000084400000|100%| O|  |TAMS 0x0000000084300000, 0x0000000084300000| Untracked 
|  68|0x0000000084400000, 0x0000000084500000, 0x0000000084500000|100%| O|  |TAMS 0x0000000084400000, 0x0000000084400000| Untracked 
|  69|0x0000000084500000, 0x0000000084600000, 0x0000000084600000|100%| O|  |TAMS 0x0000000084500000, 0x0000000084500000| Untracked 
|  70|0x0000000084600000, 0x0000000084700000, 0x0000000084700000|100%| O|  |TAMS 0x0000000084600000, 0x0000000084600000| Untracked 
|  71|0x0000000084700000, 0x0000000084800000, 0x0000000084800000|100%| O|  |TAMS 0x0000000084700000, 0x0000000084700000| Untracked 
|  72|0x0000000084800000, 0x0000000084900000, 0x0000000084900000|100%| O|  |TAMS 0x0000000084800000, 0x0000000084800000| Untracked 
|  73|0x0000000084900000, 0x0000000084900000, 0x0000000084a00000|  0%| F|  |TAMS 0x0000000084900000, 0x0000000084900000| Untracked 
|  74|0x0000000084a00000, 0x0000000084a00000, 0x0000000084b00000|  0%| F|  |TAMS 0x0000000084a00000, 0x0000000084a00000| Untracked 
|  75|0x0000000084b00000, 0x0000000084b00000, 0x0000000084c00000|  0%| F|  |TAMS 0x0000000084b00000, 0x0000000084b00000| Untracked 
|  76|0x0000000084c00000, 0x0000000084c00000, 0x0000000084d00000|  0%| F|  |TAMS 0x0000000084c00000, 0x0000000084c00000| Untracked 
|  77|0x0000000084d00000, 0x0000000084d00000, 0x0000000084e00000|  0%| F|  |TAMS 0x0000000084d00000, 0x0000000084d00000| Untracked 
|  78|0x0000000084e00000, 0x0000000084e00000, 0x0000000084f00000|  0%| F|  |TAMS 0x0000000084e00000, 0x0000000084e00000| Untracked 
|  79|0x0000000084f00000, 0x0000000084f00000, 0x0000000085000000|  0%| F|  |TAMS 0x0000000084f00000, 0x0000000084f00000| Untracked 
|  80|0x0000000085000000, 0x0000000085000000, 0x0000000085100000|  0%| F|  |TAMS 0x0000000085000000, 0x0000000085000000| Untracked 
|  81|0x0000000085100000, 0x0000000085100000, 0x0000000085200000|  0%| F|  |TAMS 0x0000000085100000, 0x0000000085100000| Untracked 
|  82|0x0000000085200000, 0x0000000085200000, 0x0000000085300000|  0%| F|  |TAMS 0x0000000085200000, 0x0000000085200000| Untracked 
|  83|0x0000000085300000, 0x0000000085300000, 0x0000000085400000|  0%| F|  |TAMS 0x0000000085300000, 0x0000000085300000| Untracked 
|  84|0x0000000085400000, 0x0000000085400000, 0x0000000085500000|  0%| F|  |TAMS 0x0000000085400000, 0x0000000085400000| Untracked 
|  85|0x0000000085500000, 0x0000000085500000, 0x0000000085600000|  0%| F|  |TAMS 0x0000000085500000, 0x0000000085500000| Untracked 
|  86|0x0000000085600000, 0x0000000085600000, 0x0000000085700000|  0%| F|  |TAMS 0x0000000085600000, 0x0000000085600000| Untracked 
|  87|0x0000000085700000, 0x0000000085700000, 0x0000000085800000|  0%| F|  |TAMS 0x0000000085700000, 0x0000000085700000| Untracked 
|  88|0x0000000085800000, 0x0000000085800000, 0x0000000085900000|  0%| F|  |TAMS 0x0000000085800000, 0x0000000085800000| Untracked 
|  89|0x0000000085900000, 0x0000000085900000, 0x0000000085a00000|  0%| F|  |TAMS 0x0000000085900000, 0x0000000085900000| Untracked 
|  90|0x0000000085a00000, 0x0000000085b00000, 0x0000000085b00000|100%| O|  |TAMS 0x0000000085a00000, 0x0000000085a00000| Untracked 
|  91|0x0000000085b00000, 0x0000000085c00000, 0x0000000085c00000|100%| O|  |TAMS 0x0000000085b00000, 0x0000000085b00000| Untracked 
|  92|0x0000000085c00000, 0x0000000085d00000, 0x0000000085d00000|100%| O|  |TAMS 0x0000000085c00000, 0x0000000085c00000| Untracked 
|  93|0x0000000085d00000, 0x0000000085e00000, 0x0000000085e00000|100%| O|  |TAMS 0x0000000085d00000, 0x0000000085d00000| Untracked 
|  94|0x0000000085e00000, 0x0000000085f00000, 0x0000000085f00000|100%| O|  |TAMS 0x0000000085e00000, 0x0000000085e00000| Untracked 
|  95|0x0000000085f00000, 0x0000000086000000, 0x0000000086000000|100%| O|  |TAMS 0x0000000085f00000, 0x0000000085f00000| Untracked 
|  96|0x0000000086000000, 0x0000000086022a00, 0x0000000086100000| 13%| O|  |TAMS 0x0000000086000000, 0x0000000086000000| Untracked 
|  97|0x0000000086100000, 0x0000000086100000, 0x0000000086200000|  0%| F|  |TAMS 0x0000000086100000, 0x0000000086100000| Untracked 
|  98|0x0000000086200000, 0x0000000086200000, 0x0000000086300000|  0%| F|  |TAMS 0x0000000086200000, 0x0000000086200000| Untracked 
|  99|0x0000000086300000, 0x0000000086300000, 0x0000000086400000|  0%| F|  |TAMS 0x0000000086300000, 0x0000000086300000| Untracked 
| 100|0x0000000086400000, 0x0000000086400000, 0x0000000086500000|  0%| F|  |TAMS 0x0000000086400000, 0x0000000086400000| Untracked 
| 101|0x0000000086500000, 0x0000000086500000, 0x0000000086600000|  0%| F|  |TAMS 0x0000000086500000, 0x0000000086500000| Untracked 
| 102|0x0000000086600000, 0x0000000086600000, 0x0000000086700000|  0%| F|  |TAMS 0x0000000086600000, 0x0000000086600000| Untracked 
| 103|0x0000000086700000, 0x0000000086700000, 0x0000000086800000|  0%| F|  |TAMS 0x0000000086700000, 0x0000000086700000| Untracked 
| 104|0x0000000086800000, 0x0000000086800000, 0x0000000086900000|  0%| F|  |TAMS 0x0000000086800000, 0x0000000086800000| Untracked 
| 105|0x0000000086900000, 0x0000000086900000, 0x0000000086a00000|  0%| F|  |TAMS 0x0000000086900000, 0x0000000086900000| Untracked 
| 106|0x0000000086a00000, 0x0000000086a00000, 0x0000000086b00000|  0%| F|  |TAMS 0x0000000086a00000, 0x0000000086a00000| Untracked 
| 107|0x0000000086b00000, 0x0000000086b00000, 0x0000000086c00000|  0%| F|  |TAMS 0x0000000086b00000, 0x0000000086b00000| Untracked 
| 108|0x0000000086c00000, 0x0000000086c00000, 0x0000000086d00000|  0%| F|  |TAMS 0x0000000086c00000, 0x0000000086c00000| Untracked 
| 109|0x0000000086d00000, 0x0000000086d00000, 0x0000000086e00000|  0%| F|  |TAMS 0x0000000086d00000, 0x0000000086d00000| Untracked 
| 110|0x0000000086e00000, 0x0000000086e00000, 0x0000000086f00000|  0%| F|  |TAMS 0x0000000086e00000, 0x0000000086e00000| Untracked 
| 111|0x0000000086f00000, 0x0000000086f00000, 0x0000000087000000|  0%| F|  |TAMS 0x0000000086f00000, 0x0000000086f00000| Untracked 
| 112|0x0000000087000000, 0x0000000087000000, 0x0000000087100000|  0%| F|  |TAMS 0x0000000087000000, 0x0000000087000000| Untracked 
| 113|0x0000000087100000, 0x0000000087200000, 0x0000000087200000|100%| S|CS|TAMS 0x0000000087100000, 0x0000000087100000| Complete 
| 114|0x0000000087200000, 0x0000000087300000, 0x0000000087300000|100%| S|CS|TAMS 0x0000000087200000, 0x0000000087200000| Complete 
| 115|0x0000000087300000, 0x0000000087300000, 0x0000000087400000|  0%| F|  |TAMS 0x0000000087300000, 0x0000000087300000| Untracked 
| 116|0x0000000087400000, 0x0000000087400000, 0x0000000087500000|  0%| F|  |TAMS 0x0000000087400000, 0x0000000087400000| Untracked 
| 117|0x0000000087500000, 0x0000000087500000, 0x0000000087600000|  0%| F|  |TAMS 0x0000000087500000, 0x0000000087500000| Untracked 
| 118|0x0000000087600000, 0x0000000087600000, 0x0000000087700000|  0%| F|  |TAMS 0x0000000087600000, 0x0000000087600000| Untracked 
| 119|0x0000000087700000, 0x0000000087800000, 0x0000000087800000|100%| S|CS|TAMS 0x0000000087700000, 0x0000000087700000| Complete 
| 120|0x0000000087800000, 0x0000000087900000, 0x0000000087900000|100%| S|CS|TAMS 0x0000000087800000, 0x0000000087800000| Complete 
| 121|0x0000000087900000, 0x0000000087a00000, 0x0000000087a00000|100%| S|CS|TAMS 0x0000000087900000, 0x0000000087900000| Complete 
| 122|0x0000000087a00000, 0x0000000087b00000, 0x0000000087b00000|100%| S|CS|TAMS 0x0000000087a00000, 0x0000000087a00000| Complete 
| 123|0x0000000087b00000, 0x0000000087c00000, 0x0000000087c00000|100%| S|CS|TAMS 0x0000000087b00000, 0x0000000087b00000| Complete 
| 124|0x0000000087c00000, 0x0000000087d00000, 0x0000000087d00000|100%| S|CS|TAMS 0x0000000087c00000, 0x0000000087c00000| Complete 
| 125|0x0000000087d00000, 0x0000000087d00000, 0x0000000087e00000|  0%| F|  |TAMS 0x0000000087d00000, 0x0000000087d00000| Untracked 
| 126|0x0000000087e00000, 0x0000000087e00000, 0x0000000087f00000|  0%| F|  |TAMS 0x0000000087e00000, 0x0000000087e00000| Untracked 
| 127|0x0000000087f00000, 0x0000000087f00000, 0x0000000088000000|  0%| F|  |TAMS 0x0000000087f00000, 0x0000000087f00000| Untracked 
| 128|0x0000000088000000, 0x0000000088000000, 0x0000000088100000|  0%| F|  |TAMS 0x0000000088000000, 0x0000000088000000| Untracked 
| 129|0x0000000088100000, 0x0000000088100000, 0x0000000088200000|  0%| F|  |TAMS 0x0000000088100000, 0x0000000088100000| Untracked 
| 130|0x0000000088200000, 0x0000000088200000, 0x0000000088300000|  0%| F|  |TAMS 0x0000000088200000, 0x0000000088200000| Untracked 
| 131|0x0000000088300000, 0x0000000088300000, 0x0000000088400000|  0%| F|  |TAMS 0x0000000088300000, 0x0000000088300000| Untracked 
| 132|0x0000000088400000, 0x0000000088400000, 0x0000000088500000|  0%| F|  |TAMS 0x0000000088400000, 0x0000000088400000| Untracked 
| 133|0x0000000088500000, 0x0000000088500000, 0x0000000088600000|  0%| F|  |TAMS 0x0000000088500000, 0x0000000088500000| Untracked 
| 134|0x0000000088600000, 0x0000000088600000, 0x0000000088700000|  0%| F|  |TAMS 0x0000000088600000, 0x0000000088600000| Untracked 
| 135|0x0000000088700000, 0x0000000088800000, 0x0000000088800000|100%| S|CS|TAMS 0x0000000088700000, 0x0000000088700000| Complete 
| 136|0x0000000088800000, 0x0000000088900000, 0x0000000088900000|100%| S|CS|TAMS 0x0000000088800000, 0x0000000088800000| Complete 
| 137|0x0000000088900000, 0x0000000088a00000, 0x0000000088a00000|100%| S|CS|TAMS 0x0000000088900000, 0x0000000088900000| Complete 
| 138|0x0000000088a00000, 0x0000000088a00000, 0x0000000088b00000|  0%| F|  |TAMS 0x0000000088a00000, 0x0000000088a00000| Untracked 
| 139|0x0000000088b00000, 0x0000000088c00000, 0x0000000088c00000|100%| S|CS|TAMS 0x0000000088b00000, 0x0000000088b00000| Complete 
| 140|0x0000000088c00000, 0x0000000088d00000, 0x0000000088d00000|100%| S|CS|TAMS 0x0000000088c00000, 0x0000000088c00000| Complete 
| 141|0x0000000088d00000, 0x0000000088e00000, 0x0000000088e00000|100%| S|CS|TAMS 0x0000000088d00000, 0x0000000088d00000| Complete 
| 142|0x0000000088e00000, 0x0000000088f00000, 0x0000000088f00000|100%| S|CS|TAMS 0x0000000088e00000, 0x0000000088e00000| Complete 
| 143|0x0000000088f00000, 0x0000000089000000, 0x0000000089000000|100%| S|CS|TAMS 0x0000000088f00000, 0x0000000088f00000| Complete 
| 144|0x0000000089000000, 0x0000000089000000, 0x0000000089100000|  0%| F|  |TAMS 0x0000000089000000, 0x0000000089000000| Untracked 
| 145|0x0000000089100000, 0x0000000089100000, 0x0000000089200000|  0%| F|  |TAMS 0x0000000089100000, 0x0000000089100000| Untracked 
| 146|0x0000000089200000, 0x0000000089200000, 0x0000000089300000|  0%| F|  |TAMS 0x0000000089200000, 0x0000000089200000| Untracked 
| 147|0x0000000089300000, 0x0000000089300000, 0x0000000089400000|  0%| F|  |TAMS 0x0000000089300000, 0x0000000089300000| Untracked 
| 148|0x0000000089400000, 0x0000000089400000, 0x0000000089500000|  0%| F|  |TAMS 0x0000000089400000, 0x0000000089400000| Untracked 
| 149|0x0000000089500000, 0x0000000089500000, 0x0000000089600000|  0%| F|  |TAMS 0x0000000089500000, 0x0000000089500000| Untracked 
| 150|0x0000000089600000, 0x0000000089600000, 0x0000000089700000|  0%| F|  |TAMS 0x0000000089600000, 0x0000000089600000| Untracked 
| 151|0x0000000089700000, 0x0000000089700000, 0x0000000089800000|  0%| F|  |TAMS 0x0000000089700000, 0x0000000089700000| Untracked 
| 152|0x0000000089800000, 0x0000000089800000, 0x0000000089900000|  0%| F|  |TAMS 0x0000000089800000, 0x0000000089800000| Untracked 
| 153|0x0000000089900000, 0x0000000089900000, 0x0000000089a00000|  0%| F|  |TAMS 0x0000000089900000, 0x0000000089900000| Untracked 
| 154|0x0000000089a00000, 0x0000000089a00000, 0x0000000089b00000|  0%| F|  |TAMS 0x0000000089a00000, 0x0000000089a00000| Untracked 
| 155|0x0000000089b00000, 0x0000000089b00000, 0x0000000089c00000|  0%| F|  |TAMS 0x0000000089b00000, 0x0000000089b00000| Untracked 
| 156|0x0000000089c00000, 0x0000000089c00000, 0x0000000089d00000|  0%| F|  |TAMS 0x0000000089c00000, 0x0000000089c00000| Untracked 
| 157|0x0000000089d00000, 0x0000000089d00000, 0x0000000089e00000|  0%| F|  |TAMS 0x0000000089d00000, 0x0000000089d00000| Untracked 
| 158|0x0000000089e00000, 0x0000000089e00000, 0x0000000089f00000|  0%| F|  |TAMS 0x0000000089e00000, 0x0000000089e00000| Untracked 
| 159|0x0000000089f00000, 0x0000000089f00000, 0x000000008a000000|  0%| F|  |TAMS 0x0000000089f00000, 0x0000000089f00000| Untracked 
| 160|0x000000008a000000, 0x000000008a000000, 0x000000008a100000|  0%| F|  |TAMS 0x000000008a000000, 0x000000008a000000| Untracked 
| 161|0x000000008a100000, 0x000000008a100000, 0x000000008a200000|  0%| F|  |TAMS 0x000000008a100000, 0x000000008a100000| Untracked 
| 162|0x000000008a200000, 0x000000008a200000, 0x000000008a300000|  0%| F|  |TAMS 0x000000008a200000, 0x000000008a200000| Untracked 
| 163|0x000000008a300000, 0x000000008a300000, 0x000000008a400000|  0%| F|  |TAMS 0x000000008a300000, 0x000000008a300000| Untracked 
| 164|0x000000008a400000, 0x000000008a400000, 0x000000008a500000|  0%| F|  |TAMS 0x000000008a400000, 0x000000008a400000| Untracked 
| 165|0x000000008a500000, 0x000000008a500000, 0x000000008a600000|  0%| F|  |TAMS 0x000000008a500000, 0x000000008a500000| Untracked 
| 166|0x000000008a600000, 0x000000008a600000, 0x000000008a700000|  0%| F|  |TAMS 0x000000008a600000, 0x000000008a600000| Untracked 
| 167|0x000000008a700000, 0x000000008a700000, 0x000000008a800000|  0%| F|  |TAMS 0x000000008a700000, 0x000000008a700000| Untracked 
| 168|0x000000008a800000, 0x000000008a800000, 0x000000008a900000|  0%| F|  |TAMS 0x000000008a800000, 0x000000008a800000| Untracked 
| 169|0x000000008a900000, 0x000000008a900000, 0x000000008aa00000|  0%| F|  |TAMS 0x000000008a900000, 0x000000008a900000| Untracked 
| 170|0x000000008aa00000, 0x000000008aa00000, 0x000000008ab00000|  0%| F|  |TAMS 0x000000008aa00000, 0x000000008aa00000| Untracked 
| 171|0x000000008ab00000, 0x000000008ab00000, 0x000000008ac00000|  0%| F|  |TAMS 0x000000008ab00000, 0x000000008ab00000| Untracked 
| 172|0x000000008ac00000, 0x000000008ac00000, 0x000000008ad00000|  0%| F|  |TAMS 0x000000008ac00000, 0x000000008ac00000| Untracked 
| 173|0x000000008ad00000, 0x000000008ad00000, 0x000000008ae00000|  0%| F|  |TAMS 0x000000008ad00000, 0x000000008ad00000| Untracked 
| 174|0x000000008ae00000, 0x000000008ae00000, 0x000000008af00000|  0%| F|  |TAMS 0x000000008ae00000, 0x000000008ae00000| Untracked 
| 175|0x000000008af00000, 0x000000008af00000, 0x000000008b000000|  0%| F|  |TAMS 0x000000008af00000, 0x000000008af00000| Untracked 
| 176|0x000000008b000000, 0x000000008b000000, 0x000000008b100000|  0%| F|  |TAMS 0x000000008b000000, 0x000000008b000000| Untracked 
| 177|0x000000008b100000, 0x000000008b100000, 0x000000008b200000|  0%| F|  |TAMS 0x000000008b100000, 0x000000008b100000| Untracked 
| 178|0x000000008b200000, 0x000000008b200000, 0x000000008b300000|  0%| F|  |TAMS 0x000000008b200000, 0x000000008b200000| Untracked 
| 179|0x000000008b300000, 0x000000008b300000, 0x000000008b400000|  0%| F|  |TAMS 0x000000008b300000, 0x000000008b300000| Untracked 
| 180|0x000000008b400000, 0x000000008b400000, 0x000000008b500000|  0%| F|  |TAMS 0x000000008b400000, 0x000000008b400000| Untracked 
| 181|0x000000008b500000, 0x000000008b500000, 0x000000008b600000|  0%| F|  |TAMS 0x000000008b500000, 0x000000008b500000| Untracked 
| 182|0x000000008b600000, 0x000000008b600000, 0x000000008b700000|  0%| F|  |TAMS 0x000000008b600000, 0x000000008b600000| Untracked 
| 183|0x000000008b700000, 0x000000008b700000, 0x000000008b800000|  0%| F|  |TAMS 0x000000008b700000, 0x000000008b700000| Untracked 
| 184|0x000000008b800000, 0x000000008b800000, 0x000000008b900000|  0%| F|  |TAMS 0x000000008b800000, 0x000000008b800000| Untracked 
| 185|0x000000008b900000, 0x000000008b900000, 0x000000008ba00000|  0%| F|  |TAMS 0x000000008b900000, 0x000000008b900000| Untracked 
| 186|0x000000008ba00000, 0x000000008ba00000, 0x000000008bb00000|  0%| F|  |TAMS 0x000000008ba00000, 0x000000008ba00000| Untracked 
| 187|0x000000008bb00000, 0x000000008bb00000, 0x000000008bc00000|  0%| F|  |TAMS 0x000000008bb00000, 0x000000008bb00000| Untracked 
| 188|0x000000008bc00000, 0x000000008bc00000, 0x000000008bd00000|  0%| F|  |TAMS 0x000000008bc00000, 0x000000008bc00000| Untracked 
| 189|0x000000008bd00000, 0x000000008bd00000, 0x000000008be00000|  0%| F|  |TAMS 0x000000008bd00000, 0x000000008bd00000| Untracked 
| 190|0x000000008be00000, 0x000000008be00000, 0x000000008bf00000|  0%| F|  |TAMS 0x000000008be00000, 0x000000008be00000| Untracked 
| 191|0x000000008bf00000, 0x000000008bf00000, 0x000000008c000000|  0%| F|  |TAMS 0x000000008bf00000, 0x000000008bf00000| Untracked 
| 192|0x000000008c000000, 0x000000008c0c9e48, 0x000000008c100000| 78%| E|  |TAMS 0x000000008c000000, 0x000000008c000000| Complete 
| 193|0x000000008c100000, 0x000000008c200000, 0x000000008c200000|100%| E|CS|TAMS 0x000000008c100000, 0x000000008c100000| Complete 
| 194|0x000000008c200000, 0x000000008c300000, 0x000000008c300000|100%| E|CS|TAMS 0x000000008c200000, 0x000000008c200000| Complete 
| 195|0x000000008c300000, 0x000000008c400000, 0x000000008c400000|100%| E|CS|TAMS 0x000000008c300000, 0x000000008c300000| Complete 
| 196|0x000000008c400000, 0x000000008c500000, 0x000000008c500000|100%| E|CS|TAMS 0x000000008c400000, 0x000000008c400000| Complete 
| 197|0x000000008c500000, 0x000000008c600000, 0x000000008c600000|100%| E|CS|TAMS 0x000000008c500000, 0x000000008c500000| Complete 
| 198|0x000000008c600000, 0x000000008c700000, 0x000000008c700000|100%| E|CS|TAMS 0x000000008c600000, 0x000000008c600000| Complete 
| 199|0x000000008c700000, 0x000000008c800000, 0x000000008c800000|100%| E|CS|TAMS 0x000000008c700000, 0x000000008c700000| Complete 
| 200|0x000000008c800000, 0x000000008c900000, 0x000000008c900000|100%| E|CS|TAMS 0x000000008c800000, 0x000000008c800000| Complete 
| 201|0x000000008c900000, 0x000000008ca00000, 0x000000008ca00000|100%| E|CS|TAMS 0x000000008c900000, 0x000000008c900000| Complete 
| 202|0x000000008ca00000, 0x000000008cb00000, 0x000000008cb00000|100%| E|CS|TAMS 0x000000008ca00000, 0x000000008ca00000| Complete 
| 203|0x000000008cb00000, 0x000000008cc00000, 0x000000008cc00000|100%| E|CS|TAMS 0x000000008cb00000, 0x000000008cb00000| Complete 
| 204|0x000000008cc00000, 0x000000008cd00000, 0x000000008cd00000|100%| E|CS|TAMS 0x000000008cc00000, 0x000000008cc00000| Complete 
| 205|0x000000008cd00000, 0x000000008ce00000, 0x000000008ce00000|100%| E|CS|TAMS 0x000000008cd00000, 0x000000008cd00000| Complete 
| 206|0x000000008ce00000, 0x000000008cf00000, 0x000000008cf00000|100%| E|CS|TAMS 0x000000008ce00000, 0x000000008ce00000| Complete 
| 207|0x000000008cf00000, 0x000000008d000000, 0x000000008d000000|100%| E|CS|TAMS 0x000000008cf00000, 0x000000008cf00000| Complete 
| 208|0x000000008d000000, 0x000000008d100000, 0x000000008d100000|100%| E|CS|TAMS 0x000000008d000000, 0x000000008d000000| Complete 
| 209|0x000000008d100000, 0x000000008d200000, 0x000000008d200000|100%| E|CS|TAMS 0x000000008d100000, 0x000000008d100000| Complete 
| 210|0x000000008d200000, 0x000000008d300000, 0x000000008d300000|100%| E|CS|TAMS 0x000000008d200000, 0x000000008d200000| Complete 
| 211|0x000000008d300000, 0x000000008d400000, 0x000000008d400000|100%| E|CS|TAMS 0x000000008d300000, 0x000000008d300000| Complete 
| 212|0x000000008d400000, 0x000000008d500000, 0x000000008d500000|100%| E|CS|TAMS 0x000000008d400000, 0x000000008d400000| Complete 
| 213|0x000000008d500000, 0x000000008d600000, 0x000000008d600000|100%| E|CS|TAMS 0x000000008d500000, 0x000000008d500000| Complete 
| 214|0x000000008d600000, 0x000000008d700000, 0x000000008d700000|100%| E|CS|TAMS 0x000000008d600000, 0x000000008d600000| Complete 
| 215|0x000000008d700000, 0x000000008d800000, 0x000000008d800000|100%| E|CS|TAMS 0x000000008d700000, 0x000000008d700000| Complete 
| 216|0x000000008d800000, 0x000000008d900000, 0x000000008d900000|100%| E|CS|TAMS 0x000000008d800000, 0x000000008d800000| Complete 
| 217|0x000000008d900000, 0x000000008da00000, 0x000000008da00000|100%| E|CS|TAMS 0x000000008d900000, 0x000000008d900000| Complete 
| 218|0x000000008da00000, 0x000000008db00000, 0x000000008db00000|100%| E|CS|TAMS 0x000000008da00000, 0x000000008da00000| Complete 
| 219|0x000000008db00000, 0x000000008dc00000, 0x000000008dc00000|100%| E|CS|TAMS 0x000000008db00000, 0x000000008db00000| Complete 
| 220|0x000000008dc00000, 0x000000008dd00000, 0x000000008dd00000|100%| E|CS|TAMS 0x000000008dc00000, 0x000000008dc00000| Complete 
| 221|0x000000008dd00000, 0x000000008de00000, 0x000000008de00000|100%| E|CS|TAMS 0x000000008dd00000, 0x000000008dd00000| Complete 
| 222|0x000000008de00000, 0x000000008df00000, 0x000000008df00000|100%| E|CS|TAMS 0x000000008de00000, 0x000000008de00000| Complete 
| 223|0x000000008df00000, 0x000000008e000000, 0x000000008e000000|100%| E|CS|TAMS 0x000000008df00000, 0x000000008df00000| Complete 
| 224|0x000000008e000000, 0x000000008e100000, 0x000000008e100000|100%| E|CS|TAMS 0x000000008e000000, 0x000000008e000000| Complete 
| 225|0x000000008e100000, 0x000000008e200000, 0x000000008e200000|100%| E|CS|TAMS 0x000000008e100000, 0x000000008e100000| Complete 
| 226|0x000000008e200000, 0x000000008e300000, 0x000000008e300000|100%| E|CS|TAMS 0x000000008e200000, 0x000000008e200000| Complete 
| 227|0x000000008e300000, 0x000000008e400000, 0x000000008e400000|100%| E|CS|TAMS 0x000000008e300000, 0x000000008e300000| Complete 
| 228|0x000000008e400000, 0x000000008e500000, 0x000000008e500000|100%| E|CS|TAMS 0x000000008e400000, 0x000000008e400000| Complete 
| 229|0x000000008e500000, 0x000000008e600000, 0x000000008e600000|100%| E|CS|TAMS 0x000000008e500000, 0x000000008e500000| Complete 
| 230|0x000000008e600000, 0x000000008e700000, 0x000000008e700000|100%| E|CS|TAMS 0x000000008e600000, 0x000000008e600000| Complete 
| 231|0x000000008e700000, 0x000000008e800000, 0x000000008e800000|100%| E|CS|TAMS 0x000000008e700000, 0x000000008e700000| Complete 
| 232|0x000000008e800000, 0x000000008e900000, 0x000000008e900000|100%| E|CS|TAMS 0x000000008e800000, 0x000000008e800000| Complete 
| 233|0x000000008e900000, 0x000000008e9fff30, 0x000000008ea00000| 99%| E|  |TAMS 0x000000008e900000, 0x000000008e900000| Complete 
| 234|0x000000008ea00000, 0x000000008eb00000, 0x000000008eb00000|100%| E|CS|TAMS 0x000000008ea00000, 0x000000008ea00000| Complete 
| 235|0x000000008eb00000, 0x000000008ec00000, 0x000000008ec00000|100%| E|CS|TAMS 0x000000008eb00000, 0x000000008eb00000| Complete 
| 236|0x000000008ec00000, 0x000000008ed00000, 0x000000008ed00000|100%| E|CS|TAMS 0x000000008ec00000, 0x000000008ec00000| Complete 
| 237|0x000000008ed00000, 0x000000008ee00000, 0x000000008ee00000|100%| E|CS|TAMS 0x000000008ed00000, 0x000000008ed00000| Complete 
| 238|0x000000008ee00000, 0x000000008ef00000, 0x000000008ef00000|100%| E|CS|TAMS 0x000000008ee00000, 0x000000008ee00000| Complete 
| 239|0x000000008ef00000, 0x000000008f000000, 0x000000008f000000|100%| E|CS|TAMS 0x000000008ef00000, 0x000000008ef00000| Complete 
| 240|0x000000008f000000, 0x000000008f100000, 0x000000008f100000|100%| E|CS|TAMS 0x000000008f000000, 0x000000008f000000| Complete 
| 241|0x000000008f100000, 0x000000008f200000, 0x000000008f200000|100%| E|CS|TAMS 0x000000008f100000, 0x000000008f100000| Complete 
| 242|0x000000008f200000, 0x000000008f300000, 0x000000008f300000|100%| E|CS|TAMS 0x000000008f200000, 0x000000008f200000| Complete 
| 243|0x000000008f300000, 0x000000008f400000, 0x000000008f400000|100%| E|CS|TAMS 0x000000008f300000, 0x000000008f300000| Complete 
| 244|0x000000008f400000, 0x000000008f500000, 0x000000008f500000|100%| E|CS|TAMS 0x000000008f400000, 0x000000008f400000| Complete 
| 245|0x000000008f500000, 0x000000008f600000, 0x000000008f600000|100%| E|CS|TAMS 0x000000008f500000, 0x000000008f500000| Complete 
| 246|0x000000008f600000, 0x000000008f700000, 0x000000008f700000|100%| E|CS|TAMS 0x000000008f600000, 0x000000008f600000| Complete 
| 247|0x000000008f700000, 0x000000008f800000, 0x000000008f800000|100%| E|CS|TAMS 0x000000008f700000, 0x000000008f700000| Complete 
| 248|0x000000008f800000, 0x000000008f900000, 0x000000008f900000|100%| E|CS|TAMS 0x000000008f800000, 0x000000008f800000| Complete 
| 249|0x000000008f900000, 0x000000008fa00000, 0x000000008fa00000|100%| E|CS|TAMS 0x000000008f900000, 0x000000008f900000| Complete 
| 250|0x000000008fa00000, 0x000000008fb00000, 0x000000008fb00000|100%| E|CS|TAMS 0x000000008fa00000, 0x000000008fa00000| Complete 
| 251|0x000000008fb00000, 0x000000008fc00000, 0x000000008fc00000|100%| E|CS|TAMS 0x000000008fb00000, 0x000000008fb00000| Complete 
| 252|0x000000008fc00000, 0x000000008fd00000, 0x000000008fd00000|100%| E|CS|TAMS 0x000000008fc00000, 0x000000008fc00000| Complete 
| 253|0x000000008fd00000, 0x000000008fe00000, 0x000000008fe00000|100%| E|CS|TAMS 0x000000008fd00000, 0x000000008fd00000| Complete 
| 254|0x000000008fe00000, 0x000000008ff00000, 0x000000008ff00000|100%| E|CS|TAMS 0x000000008fe00000, 0x000000008fe00000| Complete 
| 255|0x000000008ff00000, 0x0000000090000000, 0x0000000090000000|100%| E|CS|TAMS 0x000000008ff00000, 0x000000008ff00000| Complete 

Card table byte_map: [0x0000018b4ddf0000,0x0000018b4e1f0000] _byte_map_base: 0x0000018b4d9f0000

Marking Bits (Prev, Next): (CMBitMap*) 0x0000018b3a9fc728, (CMBitMap*) 0x0000018b3a9fc760
 Prev Bits: [0x0000018b4e5f0000, 0x0000018b505f0000)
 Next Bits: [0x0000018b505f0000, 0x0000018b525f0000)

Polling page: 0x0000018b38920000

Metaspace:

Usage:
  Non-class:     87.96 MB capacity,    86.24 MB ( 98%) used,     1.41 MB (  2%) free+waste,   319.25 KB ( <1%) overhead. 
      Class:     13.56 MB capacity,    12.62 MB ( 93%) used,   820.10 KB (  6%) free+waste,   143.25 KB (  1%) overhead. 
       Both:    101.52 MB capacity,    98.85 MB ( 97%) used,     2.21 MB (  2%) free+waste,   462.50 KB ( <1%) overhead. 

Virtual space:
  Non-class space:       88.00 MB reserved,      88.00 MB (100%) committed 
      Class space:        1.00 GB reserved,      13.63 MB (  1%) committed 
             Both:        1.09 GB reserved,     101.63 MB (  9%) committed 

Chunk freelists:
   Non-Class:  38.00 KB
       Class:  6.00 KB
        Both:  44.00 KB

MaxMetaspaceSize: 17179869184.00 GB
CompressedClassSpaceSize: 1.00 GB

CodeHeap 'non-profiled nmethods': size=120000Kb used=8938Kb max_used=8938Kb free=111062Kb
 bounds [0x0000018b45f70000, 0x0000018b46830000, 0x0000018b4d4a0000]
CodeHeap 'profiled nmethods': size=120000Kb used=30401Kb max_used=30401Kb free=89598Kb
 bounds [0x0000018b3ea40000, 0x0000018b40800000, 0x0000018b45f70000]
CodeHeap 'non-nmethods': size=5760Kb used=2337Kb max_used=2373Kb free=3422Kb
 bounds [0x0000018b3e4a0000, 0x0000018b3e710000, 0x0000018b3ea40000]
 total_blobs=14957 nmethods=13999 adapters=869
 compilation: enabled
              stopped_count=0, restarted_count=0
 full_count=0

Compilation events (20 events):
Event: 744.218 Thread 0x0000018b55b6d800 nmethod 14094 0x0000018b407e5610 code [0x0000018b407e5800, 0x0000018b407e5c18]
Event: 744.218 Thread 0x0000018b55b6d800 14096       3       sun.nio.fs.WindowsPath::getName (47 bytes)
Event: 744.219 Thread 0x0000018b55b6d800 nmethod 14096 0x0000018b407e5e90 code [0x0000018b407e60a0, 0x0000018b407e66a8]
Event: 744.219 Thread 0x0000018b55b6d800 14095       3       java.security.CodeSource::<init> (52 bytes)
Event: 744.219 Thread 0x0000018b55b6d800 nmethod 14095 0x0000018b407e6890 code [0x0000018b407e6a80, 0x0000018b407e6ff8]
Event: 744.221 Thread 0x0000018b55b6b800 nmethod 13976 0x0000018b46824490 code [0x0000018b46824640, 0x0000018b46824bf8]
Event: 744.221 Thread 0x0000018b55b6b800 14093       4       sun.nio.fs.WindowsPathParser::isSlash (18 bytes)
Event: 744.221 Thread 0x0000018b55b6b800 nmethod 14093 0x0000018b46824d90 code [0x0000018b46824f20, 0x0000018b46824f78]
Event: 744.221 Thread 0x0000018b55b6b800 14090       4       java.security.SecureClassLoader$CodeSourceKey::hashCode (21 bytes)
Event: 744.226 Thread 0x0000018b55b6b800 nmethod 14090 0x0000018b46825010 code [0x0000018b468251a0, 0x0000018b468253f8]
Event: 744.226 Thread 0x0000018b55b6b800 14097       4       sun.nio.fs.NativeBuffers::releaseNativeBuffer (97 bytes)
Event: 744.226 Thread 0x0000018b5b4d8000 nmethod 14086 0x0000018b46825590 code [0x0000018b468257a0, 0x0000018b46826cf8]
Event: 744.226 Thread 0x0000018b5b4d8000 14091       4       jdk.internal.org.objectweb.asm.ClassWriter::newNameTypeItem (71 bytes)
Event: 744.239 Thread 0x0000018b55b6b800 nmethod 14097 0x0000018b46827790 code [0x0000018b468279a0, 0x0000018b468281a0]
Event: 744.240 Thread 0x0000018b55b6b800 14098       4       sun.nio.fs.WindowsFileAttributes::isDirectory (25 bytes)
Event: 744.240 Thread 0x0000018b55b6b800 nmethod 14098 0x0000018b46828710 code [0x0000018b468288a0, 0x0000018b46828938]
Event: 744.240 Thread 0x0000018b55b6b800 14087       4       java.util.zip.ZipUtils::CENVEM_FA (8 bytes)
Event: 744.241 Thread 0x0000018b55b6b800 nmethod 14087 0x0000018b46828a10 code [0x0000018b46828ba0, 0x0000018b46828c18]
Event: 744.241 Thread 0x0000018b55b6b800 14099       4       java.nio.file.FileTreeWalker$Event::<init> (9 bytes)
Event: 744.241 Thread 0x0000018b55b6d800 14100   !   3       java.util.concurrent.ConcurrentHashMap::putVal (432 bytes)

GC Heap History (20 events):
Event: 2.776 GC heap before
{Heap before GC invocations=4 (full 0):
 garbage-first heap   total 262144K, used 88830K [0x0000000080000000, 0x0000000100000000)
  region size 1024K, 72 young (73728K), 2 survivors (2048K)
 Metaspace       used 35027K, capacity 35797K, committed 35840K, reserved 1081344K
  class space    used 4533K, capacity 4832K, committed 4864K, reserved 1048576K
}
Event: 2.784 GC heap after
{Heap after GC invocations=5 (full 0):
 garbage-first heap   total 262144K, used 21869K [0x0000000080000000, 0x0000000100000000)
  region size 1024K, 6 young (6144K), 6 survivors (6144K)
 Metaspace       used 35027K, capacity 35797K, committed 35840K, reserved 1081344K
  class space    used 4533K, capacity 4832K, committed 4864K, reserved 1048576K
}
Event: 3.655 GC heap before
{Heap before GC invocations=6 (full 0):
 garbage-first heap   total 262144K, used 141677K [0x0000000080000000, 0x0000000100000000)
  region size 1024K, 120 young (122880K), 6 survivors (6144K)
 Metaspace       used 44169K, capacity 45199K, committed 45312K, reserved 1089536K
  class space    used 5669K, capacity 6037K, committed 6144K, reserved 1048576K
}
Event: 3.663 GC heap after
{Heap after GC invocations=7 (full 0):
 garbage-first heap   total 262144K, used 28455K [0x0000000080000000, 0x0000000100000000)
  region size 1024K, 12 young (12288K), 12 survivors (12288K)
 Metaspace       used 44169K, capacity 45199K, committed 45312K, reserved 1089536K
  class space    used 5669K, capacity 6037K, committed 6144K, reserved 1048576K
}
Event: 5.122 GC heap before
{Heap before GC invocations=7 (full 0):
 garbage-first heap   total 262144K, used 174887K [0x0000000080000000, 0x0000000100000000)
  region size 1024K, 148 young (151552K), 12 survivors (12288K)
 Metaspace       used 57262K, capacity 58719K, committed 58880K, reserved 1099776K
  class space    used 7272K, capacity 7813K, committed 7936K, reserved 1048576K
}
Event: 5.133 GC heap after
{Heap after GC invocations=8 (full 0):
 garbage-first heap   total 262144K, used 49057K [0x0000000080000000, 0x0000000100000000)
  region size 1024K, 19 young (19456K), 19 survivors (19456K)
 Metaspace       used 57262K, capacity 58719K, committed 58880K, reserved 1099776K
  class space    used 7272K, capacity 7813K, committed 7936K, reserved 1048576K
}
Event: 5.256 GC heap before
{Heap before GC invocations=8 (full 0):
 garbage-first heap   total 262144K, used 57249K [0x0000000080000000, 0x0000000100000000)
  region size 1024K, 28 young (28672K), 19 survivors (19456K)
 Metaspace       used 58507K, capacity 60068K, committed 60160K, reserved 1101824K
  class space    used 7425K, capacity 8007K, committed 8064K, reserved 1048576K
}
Event: 5.280 GC heap after
{Heap after GC invocations=9 (full 0):
 garbage-first heap   total 262144K, used 51718K [0x0000000080000000, 0x0000000100000000)
  region size 1024K, 3 young (3072K), 3 survivors (3072K)
 Metaspace       used 58507K, capacity 60068K, committed 60160K, reserved 1101824K
  class space    used 7425K, capacity 8007K, committed 8064K, reserved 1048576K
}
Event: 6.471 GC heap before
{Heap before GC invocations=10 (full 0):
 garbage-first heap   total 262144K, used 172550K [0x0000000080000000, 0x0000000100000000)
  region size 1024K, 121 young (123904K), 3 survivors (3072K)
 Metaspace       used 67928K, capacity 69496K, committed 69760K, reserved 1110016K
  class space    used 8652K, capacity 9252K, committed 9344K, reserved 1048576K
}
Event: 6.481 GC heap after
{Heap after GC invocations=11 (full 0):
 garbage-first heap   total 262144K, used 58886K [0x0000000080000000, 0x0000000100000000)
  region size 1024K, 10 young (10240K), 10 survivors (10240K)
 Metaspace       used 67928K, capacity 69496K, committed 69760K, reserved 1110016K
  class space    used 8652K, capacity 9252K, committed 9344K, reserved 1048576K
}
Event: 7.566 GC heap before
{Heap before GC invocations=12 (full 0):
 garbage-first heap   total 262144K, used 180742K [0x0000000080000000, 0x0000000100000000)
  region size 1024K, 129 young (132096K), 10 survivors (10240K)
 Metaspace       used 80488K, capacity 82387K, committed 82560K, reserved 1120256K
  class space    used 10451K, capacity 11129K, committed 11136K, reserved 1048576K
}
Event: 7.574 GC heap after
{Heap after GC invocations=13 (full 0):
 garbage-first heap   total 262144K, used 66763K [0x0000000080000000, 0x0000000100000000)
  region size 1024K, 8 young (8192K), 8 survivors (8192K)
 Metaspace       used 80488K, capacity 82387K, committed 82560K, reserved 1120256K
  class space    used 10451K, capacity 11129K, committed 11136K, reserved 1048576K
}
Event: 8.170 GC heap before
{Heap before GC invocations=13 (full 0):
 garbage-first heap   total 262144K, used 187595K [0x0000000080000000, 0x0000000100000000)
  region size 1024K, 127 young (130048K), 8 survivors (8192K)
 Metaspace       used 83361K, capacity 85728K, committed 85888K, reserved 1124352K
  class space    used 10887K, capacity 11781K, committed 11904K, reserved 1048576K
}
Event: 8.178 GC heap after
{Heap after GC invocations=14 (full 0):
 garbage-first heap   total 262144K, used 74414K [0x0000000080000000, 0x0000000100000000)
  region size 1024K, 16 young (16384K), 16 survivors (16384K)
 Metaspace       used 83361K, capacity 85728K, committed 85888K, reserved 1124352K
  class space    used 10887K, capacity 11781K, committed 11904K, reserved 1048576K
}
Event: 8.834 GC heap before
{Heap before GC invocations=14 (full 0):
 garbage-first heap   total 262144K, used 194222K [0x0000000080000000, 0x0000000100000000)
  region size 1024K, 134 young (137216K), 16 survivors (16384K)
 Metaspace       used 89358K, capacity 91726K, committed 91904K, reserved 1128448K
  class space    used 11627K, capacity 12521K, committed 12544K, reserved 1048576K
}
Event: 8.845 GC heap after
{Heap after GC invocations=15 (full 0):
 garbage-first heap   total 262144K, used 81175K [0x0000000080000000, 0x0000000100000000)
  region size 1024K, 15 young (15360K), 15 survivors (15360K)
 Metaspace       used 89358K, capacity 91726K, committed 91904K, reserved 1128448K
  class space    used 11627K, capacity 12521K, committed 12544K, reserved 1048576K
}
Event: 727.451 GC heap before
{Heap before GC invocations=15 (full 0):
 garbage-first heap   total 262144K, used 199959K [0x0000000080000000, 0x0000000100000000)
  region size 1024K, 132 young (135168K), 15 survivors (15360K)
 Metaspace       used 91200K, capacity 93579K, committed 93824K, reserved 1130496K
  class space    used 11747K, capacity 12621K, committed 12672K, reserved 1048576K
}
Event: 727.462 GC heap after
{Heap after GC invocations=16 (full 0):
 garbage-first heap   total 262144K, used 89434K [0x0000000080000000, 0x0000000100000000)
  region size 1024K, 15 young (15360K), 15 survivors (15360K)
 Metaspace       used 91200K, capacity 93579K, committed 93824K, reserved 1130496K
  class space    used 11747K, capacity 12621K, committed 12672K, reserved 1048576K
}
Event: 729.548 GC heap before
{Heap before GC invocations=16 (full 0):
 garbage-first heap   total 262144K, used 220506K [0x0000000080000000, 0x0000000100000000)
  region size 1024K, 127 young (130048K), 15 survivors (15360K)
 Metaspace       used 96658K, capacity 99186K, committed 99328K, reserved 1134592K
  class space    used 12286K, capacity 13211K, committed 13312K, reserved 1048576K
}
Event: 729.560 GC heap after
{Heap after GC invocations=17 (full 0):
 garbage-first heap   total 262144K, used 97418K [0x0000000080000000, 0x0000000100000000)
  region size 1024K, 16 young (16384K), 16 survivors (16384K)
 Metaspace       used 96658K, capacity 99186K, committed 99328K, reserved 1134592K
  class space    used 12286K, capacity 13211K, committed 13312K, reserved 1048576K
}

Deoptimization events (20 events):
Event: 744.187 Thread 0x0000018b5fbfa000 DEOPT PACKING pc=0x0000018b4661e748 sp=0x00000068cecfcc20
Event: 744.187 Thread 0x0000018b5fbfa000 DEOPT UNPACKING pc=0x0000018b3e4c78af sp=0x00000068cecfcb88 mode 2
Event: 744.217 Thread 0x0000018b59d28800 DEOPT PACKING pc=0x0000018b4075c8c4 sp=0x00000068cbefed10
Event: 744.217 Thread 0x0000018b59d28800 DEOPT UNPACKING pc=0x0000018b3e4c76ce sp=0x00000068cbefe2b0 mode 0
Event: 744.229 Thread 0x0000018b5fbff000 Uncommon trap: trap_request=0xffffff4d fr.pc=0x0000018b4651d424 relative=0x0000000000001724
Event: 744.229 Thread 0x0000018b5fbff000 Uncommon trap: reason=unstable_if action=reinterpret pc=0x0000018b4651d424 method=java.util.concurrent.ConcurrentHashMap.putVal(Ljava/lang/Object;Ljava/lang/Object;Z)Ljava/lang/Object; @ 162 c2
Event: 744.229 Thread 0x0000018b5fbff000 DEOPT PACKING pc=0x0000018b4651d424 sp=0x00000068cebf5580
Event: 744.229 Thread 0x0000018b5fbff000 DEOPT UNPACKING pc=0x0000018b3e4c78af sp=0x00000068cebf5528 mode 2
Event: 744.229 Thread 0x0000018b5fbff000 Uncommon trap: trap_request=0xffffff4d fr.pc=0x0000018b46773838 relative=0x00000000000002f8
Event: 744.229 Thread 0x0000018b5fbff000 Uncommon trap: reason=unstable_if action=reinterpret pc=0x0000018b46773838 method=com.google.common.collect.MapMakerInternalMap$Segment.getEntry(Ljava/lang/Object;I)Lcom/google/common/collect/MapMakerInternalMap$InternalEntry; @ 63 c2
Event: 744.229 Thread 0x0000018b5fbff000 DEOPT PACKING pc=0x0000018b46773838 sp=0x00000068cebf55c0
Event: 744.229 Thread 0x0000018b5fbff000 DEOPT UNPACKING pc=0x0000018b3e4c78af sp=0x00000068cebf53a0 mode 2
Event: 744.230 Thread 0x0000018b5fbff000 Uncommon trap: trap_request=0xffffff4d fr.pc=0x0000018b464bded0 relative=0x0000000000001930
Event: 744.230 Thread 0x0000018b5fbff000 Uncommon trap: reason=unstable_if action=reinterpret pc=0x0000018b464bded0 method=com.google.common.collect.MapMakerInternalMap$Segment.put(Ljava/lang/Object;ILjava/lang/Object;Z)Ljava/lang/Object; @ 92 c2
Event: 744.230 Thread 0x0000018b5fbff000 DEOPT PACKING pc=0x0000018b464bded0 sp=0x00000068cebf5450
Event: 744.230 Thread 0x0000018b5fbff000 DEOPT UNPACKING pc=0x0000018b3e4c78af sp=0x00000068cebf53f8 mode 2
Event: 744.241 Thread 0x0000018b5fbff000 Uncommon trap: trap_request=0xffffff4d fr.pc=0x0000018b467729cc relative=0x00000000000005ac
Event: 744.241 Thread 0x0000018b5fbff000 Uncommon trap: reason=unstable_if action=reinterpret pc=0x0000018b467729cc method=com.google.common.collect.MapMakerInternalMap$Segment.getEntry(Ljava/lang/Object;I)Lcom/google/common/collect/MapMakerInternalMap$InternalEntry; @ 63 c2
Event: 744.241 Thread 0x0000018b5fbff000 DEOPT PACKING pc=0x0000018b467729cc sp=0x00000068cebf7b80
Event: 744.241 Thread 0x0000018b5fbff000 DEOPT UNPACKING pc=0x0000018b3e4c78af sp=0x00000068cebf79d8 mode 2

Classes redefined (0 events):
No events

Internal exceptions (20 events):
Event: 737.238 Thread 0x0000018b5fbfe800 Exception <a 'java/lang/NoSuchMethodError'{0x000000008d548488}: <clinit>> (0x000000008d548488) thrown at [./src/hotspot/share/prims/jni.cpp, line 1362]
Event: 737.249 Thread 0x0000018b5fbfe800 Exception <a 'java/lang/NoSuchMethodError'{0x000000008d5f1788}: 'java.lang.Object java.lang.invoke.DirectMethodHandle$Holder.invokeSpecial(java.lang.Object, java.lang.Object, int, int, java.lang.Object, int, java.lang.Object, java.lang.Object)'> (0x000000008d5f1788) thrown at [./src/hotspot/share/interpreter/linkResolver.cpp, line 773]
Event: 737.249 Thread 0x0000018b5fbfe800 Exception <a 'java/lang/NoSuchMethodError'{0x000000008d5f5b10}: 'java.lang.Object java.lang.invoke.DelegatingMethodHandle$Holder.reinvoke_L(java.lang.Object, int, int, java.lang.Object, int, java.lang.Object, java.lang.Object)'> (0x000000008d5f5b10) thrown at [./src/hotspot/share/interpreter/linkResolver.cpp, line 773]
Event: 737.251 Thread 0x0000018b5fbfe800 Exception <a 'java/lang/NoSuchMethodError'{0x000000008d421330}: 'java.lang.Object java.lang.invoke.DirectMethodHandle$Holder.invokeStatic(java.lang.Object, java.lang.Object, java.lang.Object, java.lang.Object, java.lang.Object, java.lang.Object, java.lang.Object, java.lang.Object, int)'> (0x000000008d421330) thrown at [./src/hotspot/share/interpreter/linkResolver.cpp, line 773]
Event: 737.253 Thread 0x0000018b5fbfe800 Exception <a 'java/lang/NoSuchMethodError'{0x000000008d43c5d0}: 'java.lang.Object java.lang.invoke.DirectMethodHandle$Holder.invokeStatic(java.lang.Object, java.lang.Object, java.lang.Object, java.lang.Object, java.lang.Object, java.lang.Object, java.lang.Object, java.lang.Object, int, int)'> (0x000000008d43c5d0) thrown at [./src/hotspot/share/interpreter/linkResolver.cpp, line 773]
Event: 737.254 Thread 0x0000018b5fbfe800 Exception <a 'java/lang/NoSuchMethodError'{0x000000008d458770}: 'java.lang.Object java.lang.invoke.DirectMethodHandle$Holder.invokeStatic(java.lang.Object, java.lang.Object, java.lang.Object, java.lang.Object, java.lang.Object, java.lang.Object, java.lang.Object, java.lang.Object, int, int, java.lang.Object)'> (0x000000008d458770) thrown at [./src/hotspot/share/interpreter/linkResolver.cpp, line 773]
Event: 737.255 Thread 0x0000018b5fbfe800 Exception <a 'java/lang/NoSuchMethodError'{0x000000008d475ce8}: 'java.lang.Object java.lang.invoke.DirectMethodHandle$Holder.invokeStatic(java.lang.Object, java.lang.Object, java.lang.Object, java.lang.Object, java.lang.Object, java.lang.Object, java.lang.Object, java.lang.Object, int, int, java.lang.Object, java.lang.Object)'> (0x000000008d475ce8) thrown at [./src/hotspot/share/interpreter/linkResolver.cpp, line 773]
Event: 737.260 Thread 0x0000018b5fbfe800 Exception <a 'java/lang/NoSuchMethodError'{0x000000008d4a8ba0}: <clinit>> (0x000000008d4a8ba0) thrown at [./src/hotspot/share/prims/jni.cpp, line 1362]
Event: 737.262 Thread 0x0000018b5fbfe800 Exception <a 'java/lang/NoSuchMethodError'{0x000000008d4dba10}: <clinit>> (0x000000008d4dba10) thrown at [./src/hotspot/share/prims/jni.cpp, line 1362]
Event: 737.273 Thread 0x0000018b5fc05800 Exception <a 'java/lang/InterruptedException'{0x000000008d300800}> (0x000000008d300800) thrown at [./src/hotspot/share/runtime/objectMonitor.cpp, line 1635]
Event: 737.273 Thread 0x0000018b5fc05800 Exception <a 'java/lang/NoSuchMethodError'{0x000000008d308610}: 'java.lang.Object java.lang.invoke.DirectMethodHandle$Holder.invokeStatic(java.lang.Object, java.lang.Object, int, java.lang.Object, long)'> (0x000000008d308610) thrown at [./src/hotspot/share/interpreter/linkResolver.cpp, line 773]
Event: 737.292 Thread 0x0000018b5fbfe800 Exception <a 'java/lang/NoSuchMethodError'{0x000000008d33ee40}: <clinit>> (0x000000008d33ee40) thrown at [./src/hotspot/share/prims/jni.cpp, line 1362]
Event: 737.292 Thread 0x0000018b5fbfe800 Exception <a 'java/lang/NoSuchMethodError'{0x000000008d350c38}: <clinit>> (0x000000008d350c38) thrown at [./src/hotspot/share/prims/jni.cpp, line 1362]
Event: 737.293 Thread 0x0000018b5fbfe800 Exception <a 'java/lang/NoSuchMethodError'{0x000000008d362a08}: <clinit>> (0x000000008d362a08) thrown at [./src/hotspot/share/prims/jni.cpp, line 1362]
Event: 737.298 Thread 0x0000018b5fbfe800 Exception <a 'java/lang/NoSuchMethodError'{0x000000008d387b20}: <clinit>> (0x000000008d387b20) thrown at [./src/hotspot/share/prims/jni.cpp, line 1362]
Event: 737.320 Thread 0x0000018b5fbfe800 Exception <a 'java/lang/NoSuchMethodError'{0x000000008d125158}: <clinit>> (0x000000008d125158) thrown at [./src/hotspot/share/prims/jni.cpp, line 1362]
Event: 737.390 Thread 0x0000018b5b4dd800 Exception <a 'java/lang/NoSuchMethodError'{0x000000008cf43b18}: 'java.lang.Object java.lang.invoke.DirectMethodHandle$Holder.invokeStatic(java.lang.Object, java.lang.Object, java.lang.Object, java.lang.Object, java.lang.Object, java.lang.Object, java.lang.Object, java.lang.Object, java.lang.Object, java.lang.Object, java.lang.Object, java.lang.Object, java.lang.Object, int)'> (0x000000008cf43b18) thrown at [./src/hotspot/share/interpreter/linkResolver.cpp, line 773]
Event: 737.392 Thread 0x0000018b5b4dd800 Exception <a 'java/lang/NoSuchMethodError'{0x000000008cf50758}: 'java.lang.Object java.lang.invoke.DirectMethodHandle$Holder.invokeStatic(java.lang.Object, java.lang.Object, java.lang.Object, java.lang.Object, java.lang.Object, java.lang.Object, java.lang.Object, java.lang.Object, java.lang.Object, java.lang.Object, java.lang.Object, java.lang.Object, java.lang.Object, int, int)'> (0x000000008cf50758) thrown at [./src/hotspot/share/interpreter/linkResolver.cpp, line 773]
Event: 744.162 Thread 0x0000018b5fbfe800 Exception <a 'java/lang/NoSuchMethodError'{0x000000008c812570}: <clinit>> (0x000000008c812570) thrown at [./src/hotspot/share/prims/jni.cpp, line 1362]
Event: 744.226 Thread 0x0000018b5fbff000 Exception <a 'sun/nio/fs/WindowsException'{0x000000008c2a0a60}> (0x000000008c2a0a60) thrown at [./src/hotspot/share/prims/jni.cpp, line 615]

Events (20 events):
Event: 744.236 loading class com/android/tools/r8/graph/d0
Event: 744.236 loading class com/android/tools/r8/graph/d0 done
Event: 744.237 loading class com/android/tools/r8/internal/kA
Event: 744.237 loading class com/android/tools/r8/internal/kA done
Event: 744.237 loading class com/android/tools/r8/internal/aG
Event: 744.237 loading class com/android/tools/r8/internal/aG done
Event: 744.238 loading class com/android/tools/r8/internal/e7
Event: 744.238 loading class com/android/tools/r8/internal/e7 done
Event: 744.239 loading class com/android/tools/r8/internal/W2
Event: 744.239 loading class com/android/tools/r8/internal/W2 done
Event: 744.239 loading class com/android/tools/r8/internal/bv
Event: 744.239 loading class com/android/tools/r8/internal/bv done
Event: 744.239 loading class com/android/tools/r8/internal/C1
Event: 744.239 loading class com/android/tools/r8/internal/C1 done
Event: 744.241 loading class com/android/tools/r8/internal/e8
Event: 744.241 loading class com/android/tools/r8/internal/e8 done
Event: 744.241 loading class com/android/tools/r8/internal/k8
Event: 744.241 loading class com/android/tools/r8/internal/k8 done
Event: 744.241 loading class com/android/tools/r8/internal/h8
Event: 744.241 loading class com/android/tools/r8/internal/h8 done


Dynamic libraries:
0x00007ff6c9280000 - 0x00007ff6c928a000 	C:\Program Files\Android\Android Studio1\jre\bin\java.exe
0x00007ffef8560000 - 0x00007ffef876f000 	C:\WINDOWS\SYSTEM32\ntdll.dll
0x00007ffef76d0000 - 0x00007ffef778d000 	C:\WINDOWS\System32\KERNEL32.DLL
0x00007ffef5c80000 - 0x00007ffef600c000 	C:\WINDOWS\System32\KERNELBASE.dll
0x00007ffef62a0000 - 0x00007ffef63b1000 	C:\WINDOWS\System32\ucrtbase.dll
0x00007ffef2710000 - 0x00007ffef2729000 	C:\Program Files\Android\Android Studio1\jre\bin\jli.dll
0x00007ffef1f10000 - 0x00007ffef1f27000 	C:\Program Files\Android\Android Studio1\jre\bin\VCRUNTIME140.dll
0x00007ffef7250000 - 0x00007ffef73f6000 	C:\WINDOWS\System32\USER32.dll
0x00007ffef6130000 - 0x00007ffef6156000 	C:\WINDOWS\System32\win32u.dll
0x00007ffedc7b0000 - 0x00007ffedca51000 	C:\WINDOWS\WinSxS\amd64_microsoft.windows.common-controls_6595b64144ccf1df_6.0.22504.1000_none_2709b324c11a8942\COMCTL32.dll
0x00007ffef65d0000 - 0x00007ffef65f9000 	C:\WINDOWS\System32\GDI32.dll
0x00007ffef8470000 - 0x00007ffef8514000 	C:\WINDOWS\System32\msvcrt.dll
0x00007ffef6010000 - 0x00007ffef6127000 	C:\WINDOWS\System32\gdi32full.dll
0x00007ffef5be0000 - 0x00007ffef5c7a000 	C:\WINDOWS\System32\msvcp_win.dll
0x00007ffef7de0000 - 0x00007ffef7e11000 	C:\WINDOWS\System32\IMM32.DLL
0x00007ffee02c0000 - 0x00007ffee035d000 	C:\Program Files\Android\Android Studio1\jre\bin\msvcp140.dll
0x00007ffe89060000 - 0x00007ffe89b2f000 	C:\Program Files\Android\Android Studio1\jre\bin\server\jvm.dll
0x00007ffef6980000 - 0x00007ffef6a2e000 	C:\WINDOWS\System32\ADVAPI32.dll
0x00007ffef78a0000 - 0x00007ffef7941000 	C:\WINDOWS\System32\sechost.dll
0x00007ffef7cc0000 - 0x00007ffef7ddf000 	C:\WINDOWS\System32\RPCRT4.dll
0x00007ffef6420000 - 0x00007ffef6428000 	C:\WINDOWS\System32\PSAPI.DLL
0x00007ffede590000 - 0x00007ffede599000 	C:\WINDOWS\SYSTEM32\WSOCK32.dll
0x00007ffeeecd0000 - 0x00007ffeeed04000 	C:\WINDOWS\SYSTEM32\WINMM.dll
0x00007ffeeef00000 - 0x00007ffeeef0a000 	C:\WINDOWS\SYSTEM32\VERSION.dll
0x00007ffef7f20000 - 0x00007ffef7f91000 	C:\WINDOWS\System32\WS2_32.dll
0x00007ffef4ae0000 - 0x00007ffef4af8000 	C:\WINDOWS\SYSTEM32\kernel.appcore.dll
0x00007ffee0830000 - 0x00007ffee0841000 	C:\Program Files\Android\Android Studio1\jre\bin\verify.dll
0x00007ffef3560000 - 0x00007ffef3786000 	C:\WINDOWS\SYSTEM32\DBGHELP.DLL
0x00007ffef6600000 - 0x00007ffef6978000 	C:\WINDOWS\System32\combase.dll
0x00007ffeda640000 - 0x00007ffeda671000 	C:\WINDOWS\SYSTEM32\dbgcore.DLL
0x00007ffef6160000 - 0x00007ffef61e0000 	C:\WINDOWS\System32\bcryptPrimitives.dll
0x00007ffee0800000 - 0x00007ffee0829000 	C:\Program Files\Android\Android Studio1\jre\bin\java.dll
0x00007ffeeebb0000 - 0x00007ffeeebbb000 	C:\Program Files\Android\Android Studio1\jre\bin\jimage.dll
0x00007ffeeebc0000 - 0x00007ffeeebd8000 	C:\Program Files\Android\Android Studio1\jre\bin\zip.dll
0x00007ffef6a90000 - 0x00007ffef7244000 	C:\WINDOWS\System32\SHELL32.dll
0x00007ffef3b40000 - 0x00007ffef439d000 	C:\WINDOWS\SYSTEM32\windows.storage.dll
0x00007ffef3a00000 - 0x00007ffef3b3c000 	C:\WINDOWS\SYSTEM32\wintypes.dll
0x00007ffef7e20000 - 0x00007ffef7f11000 	C:\WINDOWS\System32\SHCORE.dll
0x00007ffef7fa0000 - 0x00007ffef7ffb000 	C:\WINDOWS\System32\shlwapi.dll
0x00007ffef5950000 - 0x00007ffef5971000 	C:\WINDOWS\SYSTEM32\profapi.dll
0x00007ffee0880000 - 0x00007ffee089a000 	C:\Program Files\Android\Android Studio1\jre\bin\net.dll
0x00007ffeee690000 - 0x00007ffeee7a2000 	C:\WINDOWS\SYSTEM32\WINHTTP.dll
0x00007ffef5010000 - 0x00007ffef5079000 	C:\WINDOWS\system32\mswsock.dll
0x00007ffee0860000 - 0x00007ffee0874000 	C:\Program Files\Android\Android Studio1\jre\bin\nio.dll
0x00007ffeb0cc0000 - 0x00007ffeb0ce7000 	C:\Users\Bad boy\.gradle\native\8bec1ad78214c89d9ad589b4d07fe93259594b29d510b10fafb7a158f7737e5d\windows-amd64\native-platform.dll
0x00007ffe81bc0000 - 0x00007ffe81cfd000 	C:\Users\Bad boy\.gradle\native\53dbd7edfb1c66fb8903c78663c9afc45aea4f116125fa6feffd364cf09443e8\windows-amd64\native-platform-file-events.dll
0x00007ffee0850000 - 0x00007ffee085a000 	C:\Program Files\Android\Android Studio1\jre\bin\management.dll
0x00007ffee07f0000 - 0x00007ffee07fc000 	C:\Program Files\Android\Android Studio1\jre\bin\management_ext.dll
0x00007ffef5260000 - 0x00007ffef5278000 	C:\WINDOWS\SYSTEM32\CRYPTSP.dll
0x00007ffef4a40000 - 0x00007ffef4a75000 	C:\WINDOWS\system32\rsaenh.dll
0x00007ffef5110000 - 0x00007ffef5139000 	C:\WINDOWS\SYSTEM32\USERENV.dll
0x00007ffef53f0000 - 0x00007ffef5418000 	C:\WINDOWS\SYSTEM32\bcrypt.dll
0x00007ffef5280000 - 0x00007ffef528c000 	C:\WINDOWS\SYSTEM32\CRYPTBASE.dll
0x00007ffef45d0000 - 0x00007ffef45fd000 	C:\WINDOWS\SYSTEM32\IPHLPAPI.DLL
0x00007ffef7890000 - 0x00007ffef7899000 	C:\WINDOWS\System32\NSI.dll
0x00007ffeee530000 - 0x00007ffeee549000 	C:\WINDOWS\SYSTEM32\dhcpcsvc6.DLL
0x00007ffeee360000 - 0x00007ffeee37e000 	C:\WINDOWS\SYSTEM32\dhcpcsvc.DLL
0x00007ffef4600000 - 0x00007ffef46f7000 	C:\WINDOWS\SYSTEM32\DNSAPI.dll
0x00007ffef0880000 - 0x00007ffef089e000 	C:\Users\Bad boy\AppData\Local\Temp\native-platform2231665251027556964dir\native-platform.dll
0x00007ffef2630000 - 0x00007ffef2638000 	C:\Program Files\Android\Android Studio1\jre\bin\rmi.dll

dbghelp: loaded successfully - version: 4.0.5 - missing functions: none
symbol engine: initialized successfully - sym options: 0x614 - pdb path: .;C:\Program Files\Android\Android Studio1\jre\bin;C:\WINDOWS\SYSTEM32;C:\WINDOWS\WinSxS\amd64_microsoft.windows.common-controls_6595b64144ccf1df_6.0.22504.1000_none_2709b324c11a8942;C:\Program Files\Android\Android Studio1\jre\bin\server;C:\Users\Bad boy\.gradle\native\8bec1ad78214c89d9ad589b4d07fe93259594b29d510b10fafb7a158f7737e5d\windows-amd64;C:\Users\Bad boy\.gradle\native\53dbd7edfb1c66fb8903c78663c9afc45aea4f116125fa6feffd364cf09443e8\windows-amd64;C:\Users\Bad boy\AppData\Local\Temp\native-platform2231665251027556964dir

VM Arguments:
jvm_args: --add-opens=java.base/java.util=ALL-UNNAMED --add-opens=java.base/java.lang=ALL-UNNAMED --add-opens=java.base/java.lang.invoke=ALL-UNNAMED --add-opens=java.base/java.util=ALL-UNNAMED --add-opens=java.prefs/java.util.prefs=ALL-UNNAMED --add-opens=java.prefs/java.util.prefs=ALL-UNNAMED --add-opens=java.base/java.nio.charset=ALL-UNNAMED --add-opens=java.base/java.net=ALL-UNNAMED --add-opens=java.base/java.util.concurrent.atomic=ALL-UNNAMED -Xmx2048m -Dfile.encoding=UTF-8 -Duser.country=US -Duser.language=en -Duser.variant 
java_command: org.gradle.launcher.daemon.bootstrap.GradleDaemon 7.0.2
java_class_path (initial): C:\Users\Bad boy\.gradle\wrapper\dists\gradle-7.0.2-bin\857tjihv64xamwrf0h14cai3r\gradle-7.0.2\lib\gradle-launcher-7.0.2.jar
Launcher Type: SUN_STANDARD

[Global flags]
     intx CICompilerCount                          = 4                                         {product} {ergonomic}
     uint ConcGCThreads                            = 3                                         {product} {ergonomic}
     uint G1ConcRefinementThreads                  = 10                                        {product} {ergonomic}
   size_t G1HeapRegionSize                         = 1048576                                   {product} {ergonomic}
    uintx GCDrainStackTargetSize                   = 64                                        {product} {ergonomic}
   size_t InitialHeapSize                          = 268435456                                 {product} {ergonomic}
   size_t MarkStackSize                            = 4194304                                   {product} {ergonomic}
   size_t MaxHeapSize                              = 2147483648                                {product} {command line}
   size_t MaxNewSize                               = 1287651328                                {product} {ergonomic}
   size_t MinHeapDeltaBytes                        = 1048576                                   {product} {ergonomic}
    uintx NonNMethodCodeHeapSize                   = 5836300                                {pd product} {ergonomic}
    uintx NonProfiledCodeHeapSize                  = 122910970                              {pd product} {ergonomic}
    uintx ProfiledCodeHeapSize                     = 122910970                              {pd product} {ergonomic}
    uintx ReservedCodeCacheSize                    = 251658240                              {pd product} {ergonomic}
     bool SegmentedCodeCache                       = true                                      {product} {ergonomic}
     bool UseCompressedClassPointers               = true                                 {lp64_product} {ergonomic}
     bool UseCompressedOops                        = true                                 {lp64_product} {ergonomic}
     bool UseG1GC                                  = true                                      {product} {ergonomic}
     bool UseLargePagesIndividualAllocation        = false                                  {pd product} {ergonomic}

Logging:
Log output configuration:
 #0: stdout all=warning uptime,level,tags
 #1: stderr all=off uptime,level,tags

Environment Variables:
PATH=C:\Program Files\NVIDIA GPU Computing Toolkit\CUDA\v11.3\bin;C:\Program Files\NVIDIA GPU Computing Toolkit\CUDA\v11.3\libnvvp;C:\Program Files (x86)\Common Files\Intel\Shared Libraries\redist\intel64\compiler;C:\Program Files (x86)\Common Files\Oracle\Java\javapath;C:\Program Files\Microsoft MPI\Bin\;C:\WINDOWS\system32;C:\WINDOWS;C:\WINDOWS\System32\Wbem;C:\WINDOWS\System32\WindowsPowerShell\v1.0\;C:\WINDOWS\System32\OpenSSH\;C:\Program Files\dotnet\;C:\Program Files (x86)\NVIDIA Corporation\PhysX\Common;C:\Program Files\Microsoft SQL Server\Client SDK\ODBC\170\Tools\Binn\;C:\ProgramData\chocolatey\bin;C:\Program Files\Git\cmd;C:\Program Files\TortoiseGit\bin;C:\Program Files (x86)\Microsoft SQL Server\140\Tools\Binn\;C:\Program Files\Microsoft SQL Server\140\Tools\Binn\;C:\Program Files (x86)\Microsoft SQL Server\140\DTS\Binn\;C:\Program Files\Microsoft SQL Server\140\DTS\Binn\;C:\Program Files\Microsoft SQL Server\Client SDK\ODBC\130\Tools\Binn\;C:\Program Files (x86)\Microsoft SQL Server\150\DTS\Binn\;C:\msys64\usr\bin;C:\Program Files\Microsoft SQL Server\130\Tools\Binn\;C:\Program Files\nodejs\;C:\Program Files\NVIDIA Corporation\NVIDIA NvDLISR;C:\Program Files\Go\bin;C:\Program Files\NVIDIA Corporation\Nsight Compute 2021.1.0\;C:\WINDOWS\system32;C:\WINDOWS;C:\WINDOWS\System32\Wbem;C:\WINDOWS\System32\WindowsPowerShell\v1.0\;C:\WINDOWS\System32\OpenSSH\;C:\Program Files\Intel\Intel(R) Memory and Storage Tool\;C:\Users\Bad boy\AppData\Local\Programs\Python\Python39\Scripts\;C:\Users\Bad boy\AppData\Local\Programs\Python\Python39\;C:\Program Files\Python39\Lib\site-packages;C:\Users\Bad boy\AppData\Local\Programs\Microsoft VS Code\bin;C:\Users\Bad boy\Desktop\New folder (2)\Fiddler;C:\Users\Bad boy\AppData\Local\GitHubDesktop\bin;C:\Users\Bad boy\.dotnet\tools;C:\Program Files\Python39;C:\Users\Bad boy\AppData\Roaming\npm;C:\Program Files\JetBrains\WebStorm 2020.3\bin;;C:\Users\Bad boy\go\bin;C:\Users\Bad boy\AppData\Local\Microsoft\WindowsApps;
USERNAME=Bad boy
OS=Windows_NT
PROCESSOR_IDENTIFIER=Intel64 Family 6 Model 158 Stepping 10, GenuineIntel



---------------  S Y S T E M  ---------------

OS: Windows 10 , 64 bit Build 22504 (10.0.22504.1000)
OS uptime: 0 days 0:51 hours

CPU:total 12 (initial active 12) (6 cores per cpu, 2 threads per core) family 6 model 158 stepping 10 microcode 0xde, cmov, cx8, fxsr, mmx, sse, sse2, sse3, ssse3, sse4.1, sse4.2, popcnt, avx, avx2, aes, clmul, erms, 3dnowpref, lzcnt, ht, tsc, tscinvbit, bmi1, bmi2, adx, fma

Memory: 4k page, system-wide physical 16267M (3651M free)
TotalPageFile size 16267M (AvailPageFile size 16M)
current process WorkingSet (physical memory assigned to process): 533M, peak: 554M
current process commit charge ("private bytes"): 577M, peak: 597M

vm_info: OpenJDK 64-Bit Server VM (11.0.10+0-b96-7249189) for windows-amd64 JRE (11.0.10+0-b96-7249189), built on Mar 31 2021 21:44:00 by "builder" with MS VC++ 14.0 (VS2015)

END.
